CRITICAL - 2022-09-05 20:35:16 --> Invalid file: surat/suratkeluar/indexsuratkeluar.php
in SYSTEMPATH\Exceptions\FrameworkException.php on line 33.
 1 SYSTEMPATH\View\View.php(201): CodeIgniter\Exceptions\FrameworkException::forInvalidFile('surat/suratkeluar/indexsuratkeluar.php')
 2 SYSTEMPATH\Common.php(1142): CodeIgniter\View\View->render('surat/suratkeluar/indexsuratkeluar.php', [], true)
 3 APPPATH\Controllers\SuratKeluar.php(13): view('surat/suratkeluar/indexsuratkeluar.php', [...])
 4 SYSTEMPATH\CodeIgniter.php(904): App\Controllers\SuratKeluar->index()
 5 SYSTEMPATH\CodeIgniter.php(457): CodeIgniter\CodeIgniter->runController(Object(App\Controllers\SuratKeluar))
 6 SYSTEMPATH\CodeIgniter.php(340): CodeIgniter\CodeIgniter->handleRequest(null, Object(Config\Cache), false)
 7 FCPATH\index.php(67): CodeIgniter\CodeIgniter->run()
CRITICAL - 2022-09-05 20:35:23 --> Invalid file: surat/suratmasuk/indexsuratmasuk.php
in SYSTEMPATH\Exceptions\FrameworkException.php on line 33.
 1 SYSTEMPATH\View\View.php(201): CodeIgniter\Exceptions\FrameworkException::forInvalidFile('surat/suratmasuk/indexsuratmasuk.php')
 2 SYSTEMPATH\Common.php(1142): CodeIgniter\View\View->render('surat/suratmasuk/indexsuratmasuk.php', [], true)
 3 APPPATH\Controllers\SuratMasuk.php(13): view('surat/suratmasuk/indexsuratmasuk.php', [...])
 4 SYSTEMPATH\CodeIgniter.php(904): App\Controllers\SuratMasuk->index()
 5 SYSTEMPATH\CodeIgniter.php(457): CodeIgniter\CodeIgniter->runController(Object(App\Controllers\SuratMasuk))
 6 SYSTEMPATH\CodeIgniter.php(340): CodeIgniter\CodeIgniter->handleRequest(null, Object(Config\Cache), false)
 7 FCPATH\index.php(67): CodeIgniter\CodeIgniter->run()
CRITICAL - 2022-09-05 20:35:34 --> Invalid file: surat/suratmasuk/indexsuratmasuk.php
in SYSTEMPATH\Exceptions\FrameworkException.php on line 33.
 1 SYSTEMPATH\View\View.php(201): CodeIgniter\Exceptions\FrameworkException::forInvalidFile('surat/suratmasuk/indexsuratmasuk.php')
 2 SYSTEMPATH\Common.php(1142): CodeIgniter\View\View->render('surat/suratmasuk/indexsuratmasuk.php', [], true)
 3 APPPATH\Controllers\SuratMasuk.php(13): view('surat/suratmasuk/indexsuratmasuk.php', [...])
 4 SYSTEMPATH\CodeIgniter.php(904): App\Controllers\SuratMasuk->index()
 5 SYSTEMPATH\CodeIgniter.php(457): CodeIgniter\CodeIgniter->runController(Object(App\Controllers\SuratMasuk))
 6 SYSTEMPATH\CodeIgniter.php(340): CodeIgniter\CodeIgniter->handleRequest(null, Object(Config\Cache), false)
 7 FCPATH\index.php(67): CodeIgniter\CodeIgniter->run()
CRITICAL - 2022-09-05 20:35:44 --> Invalid file: surat/suratmasuk/indexsuratmasuk.php
in SYSTEMPATH\Exceptions\FrameworkException.php on line 33.
 1 SYSTEMPATH\View\View.php(201): CodeIgniter\Exceptions\FrameworkException::forInvalidFile('surat/suratmasuk/indexsuratmasuk.php')
 2 SYSTEMPATH\Common.php(1142): CodeIgniter\View\View->render('surat/suratmasuk/indexsuratmasuk.php', [], true)
 3 APPPATH\Controllers\SuratMasuk.php(13): view('surat/suratmasuk/indexsuratmasuk.php', [...])
 4 SYSTEMPATH\CodeIgniter.php(904): App\Controllers\SuratMasuk->index()
 5 SYSTEMPATH\CodeIgniter.php(457): CodeIgniter\CodeIgniter->runController(Object(App\Controllers\SuratMasuk))
 6 SYSTEMPATH\CodeIgniter.php(340): CodeIgniter\CodeIgniter->handleRequest(null, Object(Config\Cache), false)
 7 FCPATH\index.php(67): CodeIgniter\CodeIgniter->run()
CRITICAL - 2022-09-05 20:37:24 --> Invalid file: surat/suratmasuk/indexsuratmasuk.php
in SYSTEMPATH\Exceptions\FrameworkException.php on line 33.
 1 SYSTEMPATH\View\View.php(201): CodeIgniter\Exceptions\FrameworkException::forInvalidFile('surat/suratmasuk/indexsuratmasuk.php')
 2 SYSTEMPATH\Common.php(1142): CodeIgniter\View\View->render('surat/suratmasuk/indexsuratmasuk.php', [], true)
 3 APPPATH\Controllers\SuratMasuk.php(13): view('surat/suratmasuk/indexsuratmasuk.php', [...])
 4 SYSTEMPATH\CodeIgniter.php(904): App\Controllers\SuratMasuk->index()
 5 SYSTEMPATH\CodeIgniter.php(457): CodeIgniter\CodeIgniter->runController(Object(App\Controllers\SuratMasuk))
 6 SYSTEMPATH\CodeIgniter.php(340): CodeIgniter\CodeIgniter->handleRequest(null, Object(Config\Cache), false)
 7 FCPATH\index.php(67): CodeIgniter\CodeIgniter->run()
