CRITICAL - 2022-09-21 19:15:57 --> The original file is not a valid file.
in SYSTEMPATH\HTTP\Files\UploadedFile.php on line 137.
 1 SYSTEMPATH\HTTP\Files\UploadedFile.php(137): CodeIgniter\HTTP\Exceptions\HTTPException::forInvalidFile()
 2 APPPATH\Controllers\SuratMasuk.php(49): CodeIgniter\HTTP\Files\UploadedFile->move('FCPATH\\asset\\pdf', 'ROOTPATH\\public')
 3 SYSTEMPATH\CodeIgniter.php(904): App\Controllers\SuratMasuk->tambahSuratMasuk()
 4 SYSTEMPATH\CodeIgniter.php(457): CodeIgniter\CodeIgniter->runController(Object(App\Controllers\SuratMasuk))
 5 SYSTEMPATH\CodeIgniter.php(340): CodeIgniter\CodeIgniter->handleRequest(null, Object(Config\Cache), false)
 6 FCPATH\index.php(67): CodeIgniter\CodeIgniter->run()
CRITICAL - 2022-09-21 19:17:42 --> The original file is not a valid file.
in SYSTEMPATH\HTTP\Files\UploadedFile.php on line 137.
 1 SYSTEMPATH\HTTP\Files\UploadedFile.php(137): CodeIgniter\HTTP\Exceptions\HTTPException::forInvalidFile()
 2 APPPATH\Controllers\SuratMasuk.php(49): CodeIgniter\HTTP\Files\UploadedFile->move('FCPATH\\asset\\pdf', 'ROOTPATH\\public')
 3 SYSTEMPATH\CodeIgniter.php(904): App\Controllers\SuratMasuk->tambahSuratMasuk()
 4 SYSTEMPATH\CodeIgniter.php(457): CodeIgniter\CodeIgniter->runController(Object(App\Controllers\SuratMasuk))
 5 SYSTEMPATH\CodeIgniter.php(340): CodeIgniter\CodeIgniter->handleRequest(null, Object(Config\Cache), false)
 6 FCPATH\index.php(67): CodeIgniter\CodeIgniter->run()
CRITICAL - 2022-09-21 19:45:01 --> Undefined property: App\Controllers\SuratMasuk::$input
in APPPATH\Controllers\SuratMasuk.php on line 171.
 1 APPPATH\Controllers\SuratMasuk.php(171): CodeIgniter\Debug\Exceptions->errorHandler(8, 'Undefined property: App\\Controllers\\SuratMasuk::$input', 'APPPATH\\Controllers\\SuratMasuk.php', 171, [...])
 2 APPPATH\Controllers\SuratMasuk.php(110): App\Controllers\SuratMasuk->_validate()
 3 SYSTEMPATH\CodeIgniter.php(904): App\Controllers\SuratMasuk->tambahSuratMasuk()
 4 SYSTEMPATH\CodeIgniter.php(457): CodeIgniter\CodeIgniter->runController(Object(App\Controllers\SuratMasuk))
 5 SYSTEMPATH\CodeIgniter.php(340): CodeIgniter\CodeIgniter->handleRequest(null, Object(Config\Cache), false)
 6 FCPATH\index.php(67): CodeIgniter\CodeIgniter->run()
CRITICAL - 2022-09-21 19:47:07 --> Undefined property: App\Controllers\SuratMasuk::$input
in APPPATH\Controllers\SuratMasuk.php on line 172.
 1 APPPATH\Controllers\SuratMasuk.php(172): CodeIgniter\Debug\Exceptions->errorHandler(8, 'Undefined property: App\\Controllers\\SuratMasuk::$input', 'APPPATH\\Controllers\\SuratMasuk.php', 172, [...])
 2 APPPATH\Controllers\SuratMasuk.php(110): App\Controllers\SuratMasuk->_validate()
 3 SYSTEMPATH\CodeIgniter.php(904): App\Controllers\SuratMasuk->tambahSuratMasuk()
 4 SYSTEMPATH\CodeIgniter.php(457): CodeIgniter\CodeIgniter->runController(Object(App\Controllers\SuratMasuk))
 5 SYSTEMPATH\CodeIgniter.php(340): CodeIgniter\CodeIgniter->handleRequest(null, Object(Config\Cache), false)
 6 FCPATH\index.php(67): CodeIgniter\CodeIgniter->run()
CRITICAL - 2022-09-21 19:47:33 --> Undefined property: App\Controllers\SuratMasuk::$input
in APPPATH\Controllers\SuratMasuk.php on line 172.
 1 APPPATH\Controllers\SuratMasuk.php(172): CodeIgniter\Debug\Exceptions->errorHandler(8, 'Undefined property: App\\Controllers\\SuratMasuk::$input', 'APPPATH\\Controllers\\SuratMasuk.php', 172, [...])
 2 APPPATH\Controllers\SuratMasuk.php(110): App\Controllers\SuratMasuk->_validate()
 3 SYSTEMPATH\CodeIgniter.php(904): App\Controllers\SuratMasuk->tambahSuratMasuk()
 4 SYSTEMPATH\CodeIgniter.php(457): CodeIgniter\CodeIgniter->runController(Object(App\Controllers\SuratMasuk))
 5 SYSTEMPATH\CodeIgniter.php(340): CodeIgniter\CodeIgniter->handleRequest(null, Object(Config\Cache), false)
 6 FCPATH\index.php(67): CodeIgniter\CodeIgniter->run()
CRITICAL - 2022-09-21 20:24:28 --> The original file is not a valid file.
in SYSTEMPATH\HTTP\Files\UploadedFile.php on line 137.
 1 SYSTEMPATH\HTTP\Files\UploadedFile.php(137): CodeIgniter\HTTP\Exceptions\HTTPException::forInvalidFile()
 2 APPPATH\Controllers\SuratMasuk.php(114): CodeIgniter\HTTP\Files\UploadedFile->move('FCPATH\\asset\\pdf', 'ROOTPATH\\public')
 3 SYSTEMPATH\CodeIgniter.php(904): App\Controllers\SuratMasuk->tambahSuratMasuk()
 4 SYSTEMPATH\CodeIgniter.php(457): CodeIgniter\CodeIgniter->runController(Object(App\Controllers\SuratMasuk))
 5 SYSTEMPATH\CodeIgniter.php(340): CodeIgniter\CodeIgniter->handleRequest(null, Object(Config\Cache), false)
 6 FCPATH\index.php(67): CodeIgniter\CodeIgniter->run()
CRITICAL - 2022-09-21 20:30:25 --> The original file is not a valid file.
in SYSTEMPATH\HTTP\Files\UploadedFile.php on line 137.
 1 SYSTEMPATH\HTTP\Files\UploadedFile.php(137): CodeIgniter\HTTP\Exceptions\HTTPException::forInvalidFile()
 2 APPPATH\Controllers\SuratMasuk.php(116): CodeIgniter\HTTP\Files\UploadedFile->move('FCPATH\\asset\\pdf', 'ROOTPATH\\public')
 3 SYSTEMPATH\CodeIgniter.php(904): App\Controllers\SuratMasuk->tambahSuratMasuk()
 4 SYSTEMPATH\CodeIgniter.php(457): CodeIgniter\CodeIgniter->runController(Object(App\Controllers\SuratMasuk))
 5 SYSTEMPATH\CodeIgniter.php(340): CodeIgniter\CodeIgniter->handleRequest(null, Object(Config\Cache), false)
 6 FCPATH\index.php(67): CodeIgniter\CodeIgniter->run()
CRITICAL - 2022-09-21 20:35:09 --> The original file is not a valid file.
in SYSTEMPATH\HTTP\Files\UploadedFile.php on line 137.
 1 SYSTEMPATH\HTTP\Files\UploadedFile.php(137): CodeIgniter\HTTP\Exceptions\HTTPException::forInvalidFile()
 2 APPPATH\Controllers\SuratMasuk.php(116): CodeIgniter\HTTP\Files\UploadedFile->move('FCPATH\\asset\\pdf', 'ROOTPATH\\public')
 3 SYSTEMPATH\CodeIgniter.php(904): App\Controllers\SuratMasuk->tambahSuratMasuk()
 4 SYSTEMPATH\CodeIgniter.php(457): CodeIgniter\CodeIgniter->runController(Object(App\Controllers\SuratMasuk))
 5 SYSTEMPATH\CodeIgniter.php(340): CodeIgniter\CodeIgniter->handleRequest(null, Object(Config\Cache), false)
 6 FCPATH\index.php(67): CodeIgniter\CodeIgniter->run()
CRITICAL - 2022-09-21 20:44:19 --> The original file is not a valid file.
in SYSTEMPATH\HTTP\Files\UploadedFile.php on line 137.
 1 SYSTEMPATH\HTTP\Files\UploadedFile.php(137): CodeIgniter\HTTP\Exceptions\HTTPException::forInvalidFile()
 2 APPPATH\Controllers\SuratMasuk.php(116): CodeIgniter\HTTP\Files\UploadedFile->move('FCPATH\\asset\\pdf', 'ROOTPATH\\public')
 3 SYSTEMPATH\CodeIgniter.php(904): App\Controllers\SuratMasuk->tambahSuratMasuk()
 4 SYSTEMPATH\CodeIgniter.php(457): CodeIgniter\CodeIgniter->runController(Object(App\Controllers\SuratMasuk))
 5 SYSTEMPATH\CodeIgniter.php(340): CodeIgniter\CodeIgniter->handleRequest(null, Object(Config\Cache), false)
 6 FCPATH\index.php(67): CodeIgniter\CodeIgniter->run()
CRITICAL - 2022-09-21 20:54:44 --> Undefined variable: status
in APPPATH\Views\layout\surat\template.php on line 300.
 1 APPPATH\Views\layout\surat\template.php(300): CodeIgniter\Debug\Exceptions->errorHandler(8, 'Undefined variable: status', 'APPPATH\\Views\\layout\\surat\\template.php', 300, [...])
 2 SYSTEMPATH\View\View.php(213): include('APPPATH\\Views\\layout\\surat\\template.php')
 3 SYSTEMPATH\View\View.php(216): CodeIgniter\View\View->CodeIgniter\View\{closure}()
 4 SYSTEMPATH\View\View.php(229): CodeIgniter\View\View->render('layout/surat/template', [...], true)
 5 SYSTEMPATH\Common.php(1142): CodeIgniter\View\View->render('surat/suratmasuk/indexsuratmasuk.php', [...], true)
 6 APPPATH\Controllers\SuratMasuk.php(43): view('surat/suratmasuk/indexsuratmasuk.php', [...], [...])
 7 SYSTEMPATH\CodeIgniter.php(904): App\Controllers\SuratMasuk->index()
 8 SYSTEMPATH\CodeIgniter.php(457): CodeIgniter\CodeIgniter->runController(Object(App\Controllers\SuratMasuk))
 9 SYSTEMPATH\CodeIgniter.php(340): CodeIgniter\CodeIgniter->handleRequest(null, Object(Config\Cache), false)
10 FCPATH\index.php(67): CodeIgniter\CodeIgniter->run()
CRITICAL - 2022-09-21 20:54:54 --> Undefined variable: status
in APPPATH\Views\layout\surat\template.php on line 300.
 1 APPPATH\Views\layout\surat\template.php(300): CodeIgniter\Debug\Exceptions->errorHandler(8, 'Undefined variable: status', 'APPPATH\\Views\\layout\\surat\\template.php', 300, [...])
 2 SYSTEMPATH\View\View.php(213): include('APPPATH\\Views\\layout\\surat\\template.php')
 3 SYSTEMPATH\View\View.php(216): CodeIgniter\View\View->CodeIgniter\View\{closure}()
 4 SYSTEMPATH\View\View.php(229): CodeIgniter\View\View->render('layout/surat/template', [...], true)
 5 SYSTEMPATH\Common.php(1142): CodeIgniter\View\View->render('surat/suratmasuk/indexsuratmasuk.php', [...], true)
 6 APPPATH\Controllers\SuratMasuk.php(43): view('surat/suratmasuk/indexsuratmasuk.php', [...], [...])
 7 SYSTEMPATH\CodeIgniter.php(904): App\Controllers\SuratMasuk->index()
 8 SYSTEMPATH\CodeIgniter.php(457): CodeIgniter\CodeIgniter->runController(Object(App\Controllers\SuratMasuk))
 9 SYSTEMPATH\CodeIgniter.php(340): CodeIgniter\CodeIgniter->handleRequest(null, Object(Config\Cache), false)
10 FCPATH\index.php(67): CodeIgniter\CodeIgniter->run()
CRITICAL - 2022-09-21 20:54:54 --> Undefined variable: status
in APPPATH\Views\layout\surat\template.php on line 300.
 1 APPPATH\Views\layout\surat\template.php(300): CodeIgniter\Debug\Exceptions->errorHandler(8, 'Undefined variable: status', 'APPPATH\\Views\\layout\\surat\\template.php', 300, [...])
 2 SYSTEMPATH\View\View.php(213): include('APPPATH\\Views\\layout\\surat\\template.php')
 3 SYSTEMPATH\View\View.php(216): CodeIgniter\View\View->CodeIgniter\View\{closure}()
 4 SYSTEMPATH\View\View.php(229): CodeIgniter\View\View->render('layout/surat/template', [...], true)
 5 SYSTEMPATH\Common.php(1142): CodeIgniter\View\View->render('surat/suratmasuk/indexsuratmasuk.php', [...], true)
 6 APPPATH\Controllers\SuratMasuk.php(43): view('surat/suratmasuk/indexsuratmasuk.php', [...], [...])
 7 SYSTEMPATH\CodeIgniter.php(904): App\Controllers\SuratMasuk->index()
 8 SYSTEMPATH\CodeIgniter.php(457): CodeIgniter\CodeIgniter->runController(Object(App\Controllers\SuratMasuk))
 9 SYSTEMPATH\CodeIgniter.php(340): CodeIgniter\CodeIgniter->handleRequest(null, Object(Config\Cache), false)
10 FCPATH\index.php(67): CodeIgniter\CodeIgniter->run()
CRITICAL - 2022-09-21 20:54:55 --> Undefined variable: status
in APPPATH\Views\layout\surat\template.php on line 300.
 1 APPPATH\Views\layout\surat\template.php(300): CodeIgniter\Debug\Exceptions->errorHandler(8, 'Undefined variable: status', 'APPPATH\\Views\\layout\\surat\\template.php', 300, [...])
 2 SYSTEMPATH\View\View.php(213): include('APPPATH\\Views\\layout\\surat\\template.php')
 3 SYSTEMPATH\View\View.php(216): CodeIgniter\View\View->CodeIgniter\View\{closure}()
 4 SYSTEMPATH\View\View.php(229): CodeIgniter\View\View->render('layout/surat/template', [...], true)
 5 SYSTEMPATH\Common.php(1142): CodeIgniter\View\View->render('surat/suratmasuk/indexsuratmasuk.php', [...], true)
 6 APPPATH\Controllers\SuratMasuk.php(43): view('surat/suratmasuk/indexsuratmasuk.php', [...], [...])
 7 SYSTEMPATH\CodeIgniter.php(904): App\Controllers\SuratMasuk->index()
 8 SYSTEMPATH\CodeIgniter.php(457): CodeIgniter\CodeIgniter->runController(Object(App\Controllers\SuratMasuk))
 9 SYSTEMPATH\CodeIgniter.php(340): CodeIgniter\CodeIgniter->handleRequest(null, Object(Config\Cache), false)
10 FCPATH\index.php(67): CodeIgniter\CodeIgniter->run()
CRITICAL - 2022-09-21 20:54:55 --> Undefined variable: status
in APPPATH\Views\layout\surat\template.php on line 300.
 1 APPPATH\Views\layout\surat\template.php(300): CodeIgniter\Debug\Exceptions->errorHandler(8, 'Undefined variable: status', 'APPPATH\\Views\\layout\\surat\\template.php', 300, [...])
 2 SYSTEMPATH\View\View.php(213): include('APPPATH\\Views\\layout\\surat\\template.php')
 3 SYSTEMPATH\View\View.php(216): CodeIgniter\View\View->CodeIgniter\View\{closure}()
 4 SYSTEMPATH\View\View.php(229): CodeIgniter\View\View->render('layout/surat/template', [...], true)
 5 SYSTEMPATH\Common.php(1142): CodeIgniter\View\View->render('surat/suratmasuk/indexsuratmasuk.php', [...], true)
 6 APPPATH\Controllers\SuratMasuk.php(43): view('surat/suratmasuk/indexsuratmasuk.php', [...], [...])
 7 SYSTEMPATH\CodeIgniter.php(904): App\Controllers\SuratMasuk->index()
 8 SYSTEMPATH\CodeIgniter.php(457): CodeIgniter\CodeIgniter->runController(Object(App\Controllers\SuratMasuk))
 9 SYSTEMPATH\CodeIgniter.php(340): CodeIgniter\CodeIgniter->handleRequest(null, Object(Config\Cache), false)
10 FCPATH\index.php(67): CodeIgniter\CodeIgniter->run()
CRITICAL - 2022-09-21 20:54:55 --> Undefined variable: status
in APPPATH\Views\layout\surat\template.php on line 300.
 1 APPPATH\Views\layout\surat\template.php(300): CodeIgniter\Debug\Exceptions->errorHandler(8, 'Undefined variable: status', 'APPPATH\\Views\\layout\\surat\\template.php', 300, [...])
 2 SYSTEMPATH\View\View.php(213): include('APPPATH\\Views\\layout\\surat\\template.php')
 3 SYSTEMPATH\View\View.php(216): CodeIgniter\View\View->CodeIgniter\View\{closure}()
 4 SYSTEMPATH\View\View.php(229): CodeIgniter\View\View->render('layout/surat/template', [...], true)
 5 SYSTEMPATH\Common.php(1142): CodeIgniter\View\View->render('surat/suratmasuk/indexsuratmasuk.php', [...], true)
 6 APPPATH\Controllers\SuratMasuk.php(43): view('surat/suratmasuk/indexsuratmasuk.php', [...], [...])
 7 SYSTEMPATH\CodeIgniter.php(904): App\Controllers\SuratMasuk->index()
 8 SYSTEMPATH\CodeIgniter.php(457): CodeIgniter\CodeIgniter->runController(Object(App\Controllers\SuratMasuk))
 9 SYSTEMPATH\CodeIgniter.php(340): CodeIgniter\CodeIgniter->handleRequest(null, Object(Config\Cache), false)
10 FCPATH\index.php(67): CodeIgniter\CodeIgniter->run()
CRITICAL - 2022-09-21 20:54:56 --> Undefined variable: status
in APPPATH\Views\layout\surat\template.php on line 300.
 1 APPPATH\Views\layout\surat\template.php(300): CodeIgniter\Debug\Exceptions->errorHandler(8, 'Undefined variable: status', 'APPPATH\\Views\\layout\\surat\\template.php', 300, [...])
 2 SYSTEMPATH\View\View.php(213): include('APPPATH\\Views\\layout\\surat\\template.php')
 3 SYSTEMPATH\View\View.php(216): CodeIgniter\View\View->CodeIgniter\View\{closure}()
 4 SYSTEMPATH\View\View.php(229): CodeIgniter\View\View->render('layout/surat/template', [...], true)
 5 SYSTEMPATH\Common.php(1142): CodeIgniter\View\View->render('surat/suratmasuk/indexsuratmasuk.php', [...], true)
 6 APPPATH\Controllers\SuratMasuk.php(43): view('surat/suratmasuk/indexsuratmasuk.php', [...], [...])
 7 SYSTEMPATH\CodeIgniter.php(904): App\Controllers\SuratMasuk->index()
 8 SYSTEMPATH\CodeIgniter.php(457): CodeIgniter\CodeIgniter->runController(Object(App\Controllers\SuratMasuk))
 9 SYSTEMPATH\CodeIgniter.php(340): CodeIgniter\CodeIgniter->handleRequest(null, Object(Config\Cache), false)
10 FCPATH\index.php(67): CodeIgniter\CodeIgniter->run()
CRITICAL - 2022-09-21 20:54:56 --> Undefined variable: status
in APPPATH\Views\layout\surat\template.php on line 300.
 1 APPPATH\Views\layout\surat\template.php(300): CodeIgniter\Debug\Exceptions->errorHandler(8, 'Undefined variable: status', 'APPPATH\\Views\\layout\\surat\\template.php', 300, [...])
 2 SYSTEMPATH\View\View.php(213): include('APPPATH\\Views\\layout\\surat\\template.php')
 3 SYSTEMPATH\View\View.php(216): CodeIgniter\View\View->CodeIgniter\View\{closure}()
 4 SYSTEMPATH\View\View.php(229): CodeIgniter\View\View->render('layout/surat/template', [...], true)
 5 SYSTEMPATH\Common.php(1142): CodeIgniter\View\View->render('surat/suratmasuk/indexsuratmasuk.php', [...], true)
 6 APPPATH\Controllers\SuratMasuk.php(43): view('surat/suratmasuk/indexsuratmasuk.php', [...], [...])
 7 SYSTEMPATH\CodeIgniter.php(904): App\Controllers\SuratMasuk->index()
 8 SYSTEMPATH\CodeIgniter.php(457): CodeIgniter\CodeIgniter->runController(Object(App\Controllers\SuratMasuk))
 9 SYSTEMPATH\CodeIgniter.php(340): CodeIgniter\CodeIgniter->handleRequest(null, Object(Config\Cache), false)
10 FCPATH\index.php(67): CodeIgniter\CodeIgniter->run()
CRITICAL - 2022-09-21 20:54:56 --> Undefined variable: status
in APPPATH\Views\layout\surat\template.php on line 300.
 1 APPPATH\Views\layout\surat\template.php(300): CodeIgniter\Debug\Exceptions->errorHandler(8, 'Undefined variable: status', 'APPPATH\\Views\\layout\\surat\\template.php', 300, [...])
 2 SYSTEMPATH\View\View.php(213): include('APPPATH\\Views\\layout\\surat\\template.php')
 3 SYSTEMPATH\View\View.php(216): CodeIgniter\View\View->CodeIgniter\View\{closure}()
 4 SYSTEMPATH\View\View.php(229): CodeIgniter\View\View->render('layout/surat/template', [...], true)
 5 SYSTEMPATH\Common.php(1142): CodeIgniter\View\View->render('surat/suratmasuk/indexsuratmasuk.php', [...], true)
 6 APPPATH\Controllers\SuratMasuk.php(43): view('surat/suratmasuk/indexsuratmasuk.php', [...], [...])
 7 SYSTEMPATH\CodeIgniter.php(904): App\Controllers\SuratMasuk->index()
 8 SYSTEMPATH\CodeIgniter.php(457): CodeIgniter\CodeIgniter->runController(Object(App\Controllers\SuratMasuk))
 9 SYSTEMPATH\CodeIgniter.php(340): CodeIgniter\CodeIgniter->handleRequest(null, Object(Config\Cache), false)
10 FCPATH\index.php(67): CodeIgniter\CodeIgniter->run()
CRITICAL - 2022-09-21 20:55:15 --> Undefined variable: status
in APPPATH\Views\layout\surat\template.php on line 300.
 1 APPPATH\Views\layout\surat\template.php(300): CodeIgniter\Debug\Exceptions->errorHandler(8, 'Undefined variable: status', 'APPPATH\\Views\\layout\\surat\\template.php', 300, [...])
 2 SYSTEMPATH\View\View.php(213): include('APPPATH\\Views\\layout\\surat\\template.php')
 3 SYSTEMPATH\View\View.php(216): CodeIgniter\View\View->CodeIgniter\View\{closure}()
 4 SYSTEMPATH\View\View.php(229): CodeIgniter\View\View->render('layout/surat/template', [...], true)
 5 SYSTEMPATH\Common.php(1142): CodeIgniter\View\View->render('surat/suratmasuk/indexsuratmasuk.php', [...], true)
 6 APPPATH\Controllers\SuratMasuk.php(43): view('surat/suratmasuk/indexsuratmasuk.php', [...], [...])
 7 SYSTEMPATH\CodeIgniter.php(904): App\Controllers\SuratMasuk->index()
 8 SYSTEMPATH\CodeIgniter.php(457): CodeIgniter\CodeIgniter->runController(Object(App\Controllers\SuratMasuk))
 9 SYSTEMPATH\CodeIgniter.php(340): CodeIgniter\CodeIgniter->handleRequest(null, Object(Config\Cache), false)
10 FCPATH\index.php(67): CodeIgniter\CodeIgniter->run()
CRITICAL - 2022-09-21 20:55:16 --> Undefined variable: status
in APPPATH\Views\layout\surat\template.php on line 300.
 1 APPPATH\Views\layout\surat\template.php(300): CodeIgniter\Debug\Exceptions->errorHandler(8, 'Undefined variable: status', 'APPPATH\\Views\\layout\\surat\\template.php', 300, [...])
 2 SYSTEMPATH\View\View.php(213): include('APPPATH\\Views\\layout\\surat\\template.php')
 3 SYSTEMPATH\View\View.php(216): CodeIgniter\View\View->CodeIgniter\View\{closure}()
 4 SYSTEMPATH\View\View.php(229): CodeIgniter\View\View->render('layout/surat/template', [...], true)
 5 SYSTEMPATH\Common.php(1142): CodeIgniter\View\View->render('surat/suratmasuk/indexsuratmasuk.php', [...], true)
 6 APPPATH\Controllers\SuratMasuk.php(43): view('surat/suratmasuk/indexsuratmasuk.php', [...], [...])
 7 SYSTEMPATH\CodeIgniter.php(904): App\Controllers\SuratMasuk->index()
 8 SYSTEMPATH\CodeIgniter.php(457): CodeIgniter\CodeIgniter->runController(Object(App\Controllers\SuratMasuk))
 9 SYSTEMPATH\CodeIgniter.php(340): CodeIgniter\CodeIgniter->handleRequest(null, Object(Config\Cache), false)
10 FCPATH\index.php(67): CodeIgniter\CodeIgniter->run()
CRITICAL - 2022-09-21 20:55:17 --> Undefined variable: status
in APPPATH\Views\layout\surat\template.php on line 300.
 1 APPPATH\Views\layout\surat\template.php(300): CodeIgniter\Debug\Exceptions->errorHandler(8, 'Undefined variable: status', 'APPPATH\\Views\\layout\\surat\\template.php', 300, [...])
 2 SYSTEMPATH\View\View.php(213): include('APPPATH\\Views\\layout\\surat\\template.php')
 3 SYSTEMPATH\View\View.php(216): CodeIgniter\View\View->CodeIgniter\View\{closure}()
 4 SYSTEMPATH\View\View.php(229): CodeIgniter\View\View->render('layout/surat/template', [...], true)
 5 SYSTEMPATH\Common.php(1142): CodeIgniter\View\View->render('surat/suratmasuk/indexsuratmasuk.php', [...], true)
 6 APPPATH\Controllers\SuratMasuk.php(43): view('surat/suratmasuk/indexsuratmasuk.php', [...], [...])
 7 SYSTEMPATH\CodeIgniter.php(904): App\Controllers\SuratMasuk->index()
 8 SYSTEMPATH\CodeIgniter.php(457): CodeIgniter\CodeIgniter->runController(Object(App\Controllers\SuratMasuk))
 9 SYSTEMPATH\CodeIgniter.php(340): CodeIgniter\CodeIgniter->handleRequest(null, Object(Config\Cache), false)
10 FCPATH\index.php(67): CodeIgniter\CodeIgniter->run()
CRITICAL - 2022-09-21 20:55:17 --> Undefined variable: status
in APPPATH\Views\layout\surat\template.php on line 300.
 1 APPPATH\Views\layout\surat\template.php(300): CodeIgniter\Debug\Exceptions->errorHandler(8, 'Undefined variable: status', 'APPPATH\\Views\\layout\\surat\\template.php', 300, [...])
 2 SYSTEMPATH\View\View.php(213): include('APPPATH\\Views\\layout\\surat\\template.php')
 3 SYSTEMPATH\View\View.php(216): CodeIgniter\View\View->CodeIgniter\View\{closure}()
 4 SYSTEMPATH\View\View.php(229): CodeIgniter\View\View->render('layout/surat/template', [...], true)
 5 SYSTEMPATH\Common.php(1142): CodeIgniter\View\View->render('surat/suratmasuk/indexsuratmasuk.php', [...], true)
 6 APPPATH\Controllers\SuratMasuk.php(43): view('surat/suratmasuk/indexsuratmasuk.php', [...], [...])
 7 SYSTEMPATH\CodeIgniter.php(904): App\Controllers\SuratMasuk->index()
 8 SYSTEMPATH\CodeIgniter.php(457): CodeIgniter\CodeIgniter->runController(Object(App\Controllers\SuratMasuk))
 9 SYSTEMPATH\CodeIgniter.php(340): CodeIgniter\CodeIgniter->handleRequest(null, Object(Config\Cache), false)
10 FCPATH\index.php(67): CodeIgniter\CodeIgniter->run()
CRITICAL - 2022-09-21 20:55:17 --> Undefined variable: status
in APPPATH\Views\layout\surat\template.php on line 300.
 1 APPPATH\Views\layout\surat\template.php(300): CodeIgniter\Debug\Exceptions->errorHandler(8, 'Undefined variable: status', 'APPPATH\\Views\\layout\\surat\\template.php', 300, [...])
 2 SYSTEMPATH\View\View.php(213): include('APPPATH\\Views\\layout\\surat\\template.php')
 3 SYSTEMPATH\View\View.php(216): CodeIgniter\View\View->CodeIgniter\View\{closure}()
 4 SYSTEMPATH\View\View.php(229): CodeIgniter\View\View->render('layout/surat/template', [...], true)
 5 SYSTEMPATH\Common.php(1142): CodeIgniter\View\View->render('surat/suratmasuk/indexsuratmasuk.php', [...], true)
 6 APPPATH\Controllers\SuratMasuk.php(43): view('surat/suratmasuk/indexsuratmasuk.php', [...], [...])
 7 SYSTEMPATH\CodeIgniter.php(904): App\Controllers\SuratMasuk->index()
 8 SYSTEMPATH\CodeIgniter.php(457): CodeIgniter\CodeIgniter->runController(Object(App\Controllers\SuratMasuk))
 9 SYSTEMPATH\CodeIgniter.php(340): CodeIgniter\CodeIgniter->handleRequest(null, Object(Config\Cache), false)
10 FCPATH\index.php(67): CodeIgniter\CodeIgniter->run()
CRITICAL - 2022-09-21 20:55:17 --> Undefined variable: status
in APPPATH\Views\layout\surat\template.php on line 300.
 1 APPPATH\Views\layout\surat\template.php(300): CodeIgniter\Debug\Exceptions->errorHandler(8, 'Undefined variable: status', 'APPPATH\\Views\\layout\\surat\\template.php', 300, [...])
 2 SYSTEMPATH\View\View.php(213): include('APPPATH\\Views\\layout\\surat\\template.php')
 3 SYSTEMPATH\View\View.php(216): CodeIgniter\View\View->CodeIgniter\View\{closure}()
 4 SYSTEMPATH\View\View.php(229): CodeIgniter\View\View->render('layout/surat/template', [...], true)
 5 SYSTEMPATH\Common.php(1142): CodeIgniter\View\View->render('surat/suratmasuk/indexsuratmasuk.php', [...], true)
 6 APPPATH\Controllers\SuratMasuk.php(43): view('surat/suratmasuk/indexsuratmasuk.php', [...], [...])
 7 SYSTEMPATH\CodeIgniter.php(904): App\Controllers\SuratMasuk->index()
 8 SYSTEMPATH\CodeIgniter.php(457): CodeIgniter\CodeIgniter->runController(Object(App\Controllers\SuratMasuk))
 9 SYSTEMPATH\CodeIgniter.php(340): CodeIgniter\CodeIgniter->handleRequest(null, Object(Config\Cache), false)
10 FCPATH\index.php(67): CodeIgniter\CodeIgniter->run()
CRITICAL - 2022-09-21 20:55:18 --> Undefined variable: status
in APPPATH\Views\layout\surat\template.php on line 300.
 1 APPPATH\Views\layout\surat\template.php(300): CodeIgniter\Debug\Exceptions->errorHandler(8, 'Undefined variable: status', 'APPPATH\\Views\\layout\\surat\\template.php', 300, [...])
 2 SYSTEMPATH\View\View.php(213): include('APPPATH\\Views\\layout\\surat\\template.php')
 3 SYSTEMPATH\View\View.php(216): CodeIgniter\View\View->CodeIgniter\View\{closure}()
 4 SYSTEMPATH\View\View.php(229): CodeIgniter\View\View->render('layout/surat/template', [...], true)
 5 SYSTEMPATH\Common.php(1142): CodeIgniter\View\View->render('surat/suratmasuk/indexsuratmasuk.php', [...], true)
 6 APPPATH\Controllers\SuratMasuk.php(43): view('surat/suratmasuk/indexsuratmasuk.php', [...], [...])
 7 SYSTEMPATH\CodeIgniter.php(904): App\Controllers\SuratMasuk->index()
 8 SYSTEMPATH\CodeIgniter.php(457): CodeIgniter\CodeIgniter->runController(Object(App\Controllers\SuratMasuk))
 9 SYSTEMPATH\CodeIgniter.php(340): CodeIgniter\CodeIgniter->handleRequest(null, Object(Config\Cache), false)
10 FCPATH\index.php(67): CodeIgniter\CodeIgniter->run()
CRITICAL - 2022-09-21 20:56:04 --> Undefined variable: status
in APPPATH\Views\layout\surat\template.php on line 300.
 1 APPPATH\Views\layout\surat\template.php(300): CodeIgniter\Debug\Exceptions->errorHandler(8, 'Undefined variable: status', 'APPPATH\\Views\\layout\\surat\\template.php', 300, [...])
 2 SYSTEMPATH\View\View.php(213): include('APPPATH\\Views\\layout\\surat\\template.php')
 3 SYSTEMPATH\View\View.php(216): CodeIgniter\View\View->CodeIgniter\View\{closure}()
 4 SYSTEMPATH\View\View.php(229): CodeIgniter\View\View->render('layout/surat/template', [...], true)
 5 SYSTEMPATH\Common.php(1142): CodeIgniter\View\View->render('surat/suratmasuk/indexsuratmasuk.php', [...], true)
 6 APPPATH\Controllers\SuratMasuk.php(43): view('surat/suratmasuk/indexsuratmasuk.php', [...], [...])
 7 SYSTEMPATH\CodeIgniter.php(904): App\Controllers\SuratMasuk->index()
 8 SYSTEMPATH\CodeIgniter.php(457): CodeIgniter\CodeIgniter->runController(Object(App\Controllers\SuratMasuk))
 9 SYSTEMPATH\CodeIgniter.php(340): CodeIgniter\CodeIgniter->handleRequest(null, Object(Config\Cache), false)
10 FCPATH\index.php(67): CodeIgniter\CodeIgniter->run()
CRITICAL - 2022-09-21 20:56:05 --> Undefined variable: status
in APPPATH\Views\layout\surat\template.php on line 300.
 1 APPPATH\Views\layout\surat\template.php(300): CodeIgniter\Debug\Exceptions->errorHandler(8, 'Undefined variable: status', 'APPPATH\\Views\\layout\\surat\\template.php', 300, [...])
 2 SYSTEMPATH\View\View.php(213): include('APPPATH\\Views\\layout\\surat\\template.php')
 3 SYSTEMPATH\View\View.php(216): CodeIgniter\View\View->CodeIgniter\View\{closure}()
 4 SYSTEMPATH\View\View.php(229): CodeIgniter\View\View->render('layout/surat/template', [...], true)
 5 SYSTEMPATH\Common.php(1142): CodeIgniter\View\View->render('surat/suratmasuk/indexsuratmasuk.php', [...], true)
 6 APPPATH\Controllers\SuratMasuk.php(43): view('surat/suratmasuk/indexsuratmasuk.php', [...], [...])
 7 SYSTEMPATH\CodeIgniter.php(904): App\Controllers\SuratMasuk->index()
 8 SYSTEMPATH\CodeIgniter.php(457): CodeIgniter\CodeIgniter->runController(Object(App\Controllers\SuratMasuk))
 9 SYSTEMPATH\CodeIgniter.php(340): CodeIgniter\CodeIgniter->handleRequest(null, Object(Config\Cache), false)
10 FCPATH\index.php(67): CodeIgniter\CodeIgniter->run()
CRITICAL - 2022-09-21 20:56:05 --> Undefined variable: status
in APPPATH\Views\layout\surat\template.php on line 300.
 1 APPPATH\Views\layout\surat\template.php(300): CodeIgniter\Debug\Exceptions->errorHandler(8, 'Undefined variable: status', 'APPPATH\\Views\\layout\\surat\\template.php', 300, [...])
 2 SYSTEMPATH\View\View.php(213): include('APPPATH\\Views\\layout\\surat\\template.php')
 3 SYSTEMPATH\View\View.php(216): CodeIgniter\View\View->CodeIgniter\View\{closure}()
 4 SYSTEMPATH\View\View.php(229): CodeIgniter\View\View->render('layout/surat/template', [...], true)
 5 SYSTEMPATH\Common.php(1142): CodeIgniter\View\View->render('surat/suratmasuk/indexsuratmasuk.php', [...], true)
 6 APPPATH\Controllers\SuratMasuk.php(43): view('surat/suratmasuk/indexsuratmasuk.php', [...], [...])
 7 SYSTEMPATH\CodeIgniter.php(904): App\Controllers\SuratMasuk->index()
 8 SYSTEMPATH\CodeIgniter.php(457): CodeIgniter\CodeIgniter->runController(Object(App\Controllers\SuratMasuk))
 9 SYSTEMPATH\CodeIgniter.php(340): CodeIgniter\CodeIgniter->handleRequest(null, Object(Config\Cache), false)
10 FCPATH\index.php(67): CodeIgniter\CodeIgniter->run()
CRITICAL - 2022-09-21 20:56:06 --> Undefined variable: status
in APPPATH\Views\layout\surat\template.php on line 300.
 1 APPPATH\Views\layout\surat\template.php(300): CodeIgniter\Debug\Exceptions->errorHandler(8, 'Undefined variable: status', 'APPPATH\\Views\\layout\\surat\\template.php', 300, [...])
 2 SYSTEMPATH\View\View.php(213): include('APPPATH\\Views\\layout\\surat\\template.php')
 3 SYSTEMPATH\View\View.php(216): CodeIgniter\View\View->CodeIgniter\View\{closure}()
 4 SYSTEMPATH\View\View.php(229): CodeIgniter\View\View->render('layout/surat/template', [...], true)
 5 SYSTEMPATH\Common.php(1142): CodeIgniter\View\View->render('surat/suratmasuk/indexsuratmasuk.php', [...], true)
 6 APPPATH\Controllers\SuratMasuk.php(43): view('surat/suratmasuk/indexsuratmasuk.php', [...], [...])
 7 SYSTEMPATH\CodeIgniter.php(904): App\Controllers\SuratMasuk->index()
 8 SYSTEMPATH\CodeIgniter.php(457): CodeIgniter\CodeIgniter->runController(Object(App\Controllers\SuratMasuk))
 9 SYSTEMPATH\CodeIgniter.php(340): CodeIgniter\CodeIgniter->handleRequest(null, Object(Config\Cache), false)
10 FCPATH\index.php(67): CodeIgniter\CodeIgniter->run()
CRITICAL - 2022-09-21 20:56:06 --> Undefined variable: status
in APPPATH\Views\layout\surat\template.php on line 300.
 1 APPPATH\Views\layout\surat\template.php(300): CodeIgniter\Debug\Exceptions->errorHandler(8, 'Undefined variable: status', 'APPPATH\\Views\\layout\\surat\\template.php', 300, [...])
 2 SYSTEMPATH\View\View.php(213): include('APPPATH\\Views\\layout\\surat\\template.php')
 3 SYSTEMPATH\View\View.php(216): CodeIgniter\View\View->CodeIgniter\View\{closure}()
 4 SYSTEMPATH\View\View.php(229): CodeIgniter\View\View->render('layout/surat/template', [...], true)
 5 SYSTEMPATH\Common.php(1142): CodeIgniter\View\View->render('surat/suratmasuk/indexsuratmasuk.php', [...], true)
 6 APPPATH\Controllers\SuratMasuk.php(43): view('surat/suratmasuk/indexsuratmasuk.php', [...], [...])
 7 SYSTEMPATH\CodeIgniter.php(904): App\Controllers\SuratMasuk->index()
 8 SYSTEMPATH\CodeIgniter.php(457): CodeIgniter\CodeIgniter->runController(Object(App\Controllers\SuratMasuk))
 9 SYSTEMPATH\CodeIgniter.php(340): CodeIgniter\CodeIgniter->handleRequest(null, Object(Config\Cache), false)
10 FCPATH\index.php(67): CodeIgniter\CodeIgniter->run()
CRITICAL - 2022-09-21 20:56:07 --> Undefined variable: status
in APPPATH\Views\layout\surat\template.php on line 300.
 1 APPPATH\Views\layout\surat\template.php(300): CodeIgniter\Debug\Exceptions->errorHandler(8, 'Undefined variable: status', 'APPPATH\\Views\\layout\\surat\\template.php', 300, [...])
 2 SYSTEMPATH\View\View.php(213): include('APPPATH\\Views\\layout\\surat\\template.php')
 3 SYSTEMPATH\View\View.php(216): CodeIgniter\View\View->CodeIgniter\View\{closure}()
 4 SYSTEMPATH\View\View.php(229): CodeIgniter\View\View->render('layout/surat/template', [...], true)
 5 SYSTEMPATH\Common.php(1142): CodeIgniter\View\View->render('surat/suratmasuk/indexsuratmasuk.php', [...], true)
 6 APPPATH\Controllers\SuratMasuk.php(43): view('surat/suratmasuk/indexsuratmasuk.php', [...], [...])
 7 SYSTEMPATH\CodeIgniter.php(904): App\Controllers\SuratMasuk->index()
 8 SYSTEMPATH\CodeIgniter.php(457): CodeIgniter\CodeIgniter->runController(Object(App\Controllers\SuratMasuk))
 9 SYSTEMPATH\CodeIgniter.php(340): CodeIgniter\CodeIgniter->handleRequest(null, Object(Config\Cache), false)
10 FCPATH\index.php(67): CodeIgniter\CodeIgniter->run()
CRITICAL - 2022-09-21 20:56:07 --> Undefined variable: status
in APPPATH\Views\layout\surat\template.php on line 300.
 1 APPPATH\Views\layout\surat\template.php(300): CodeIgniter\Debug\Exceptions->errorHandler(8, 'Undefined variable: status', 'APPPATH\\Views\\layout\\surat\\template.php', 300, [...])
 2 SYSTEMPATH\View\View.php(213): include('APPPATH\\Views\\layout\\surat\\template.php')
 3 SYSTEMPATH\View\View.php(216): CodeIgniter\View\View->CodeIgniter\View\{closure}()
 4 SYSTEMPATH\View\View.php(229): CodeIgniter\View\View->render('layout/surat/template', [...], true)
 5 SYSTEMPATH\Common.php(1142): CodeIgniter\View\View->render('surat/suratmasuk/indexsuratmasuk.php', [...], true)
 6 APPPATH\Controllers\SuratMasuk.php(43): view('surat/suratmasuk/indexsuratmasuk.php', [...], [...])
 7 SYSTEMPATH\CodeIgniter.php(904): App\Controllers\SuratMasuk->index()
 8 SYSTEMPATH\CodeIgniter.php(457): CodeIgniter\CodeIgniter->runController(Object(App\Controllers\SuratMasuk))
 9 SYSTEMPATH\CodeIgniter.php(340): CodeIgniter\CodeIgniter->handleRequest(null, Object(Config\Cache), false)
10 FCPATH\index.php(67): CodeIgniter\CodeIgniter->run()
CRITICAL - 2022-09-21 20:56:09 --> Undefined variable: status
in APPPATH\Views\layout\surat\template.php on line 300.
 1 APPPATH\Views\layout\surat\template.php(300): CodeIgniter\Debug\Exceptions->errorHandler(8, 'Undefined variable: status', 'APPPATH\\Views\\layout\\surat\\template.php', 300, [...])
 2 SYSTEMPATH\View\View.php(213): include('APPPATH\\Views\\layout\\surat\\template.php')
 3 SYSTEMPATH\View\View.php(216): CodeIgniter\View\View->CodeIgniter\View\{closure}()
 4 SYSTEMPATH\View\View.php(229): CodeIgniter\View\View->render('layout/surat/template', [...], true)
 5 SYSTEMPATH\Common.php(1142): CodeIgniter\View\View->render('surat/suratmasuk/indexsuratmasuk.php', [...], true)
 6 APPPATH\Controllers\SuratMasuk.php(43): view('surat/suratmasuk/indexsuratmasuk.php', [...], [...])
 7 SYSTEMPATH\CodeIgniter.php(904): App\Controllers\SuratMasuk->index()
 8 SYSTEMPATH\CodeIgniter.php(457): CodeIgniter\CodeIgniter->runController(Object(App\Controllers\SuratMasuk))
 9 SYSTEMPATH\CodeIgniter.php(340): CodeIgniter\CodeIgniter->handleRequest(null, Object(Config\Cache), false)
10 FCPATH\index.php(67): CodeIgniter\CodeIgniter->run()
CRITICAL - 2022-09-21 20:56:09 --> Undefined variable: status
in APPPATH\Views\layout\surat\template.php on line 300.
 1 APPPATH\Views\layout\surat\template.php(300): CodeIgniter\Debug\Exceptions->errorHandler(8, 'Undefined variable: status', 'APPPATH\\Views\\layout\\surat\\template.php', 300, [...])
 2 SYSTEMPATH\View\View.php(213): include('APPPATH\\Views\\layout\\surat\\template.php')
 3 SYSTEMPATH\View\View.php(216): CodeIgniter\View\View->CodeIgniter\View\{closure}()
 4 SYSTEMPATH\View\View.php(229): CodeIgniter\View\View->render('layout/surat/template', [...], true)
 5 SYSTEMPATH\Common.php(1142): CodeIgniter\View\View->render('surat/suratmasuk/indexsuratmasuk.php', [...], true)
 6 APPPATH\Controllers\SuratMasuk.php(43): view('surat/suratmasuk/indexsuratmasuk.php', [...], [...])
 7 SYSTEMPATH\CodeIgniter.php(904): App\Controllers\SuratMasuk->index()
 8 SYSTEMPATH\CodeIgniter.php(457): CodeIgniter\CodeIgniter->runController(Object(App\Controllers\SuratMasuk))
 9 SYSTEMPATH\CodeIgniter.php(340): CodeIgniter\CodeIgniter->handleRequest(null, Object(Config\Cache), false)
10 FCPATH\index.php(67): CodeIgniter\CodeIgniter->run()
CRITICAL - 2022-09-21 20:56:09 --> Undefined variable: status
in APPPATH\Views\layout\surat\template.php on line 300.
 1 APPPATH\Views\layout\surat\template.php(300): CodeIgniter\Debug\Exceptions->errorHandler(8, 'Undefined variable: status', 'APPPATH\\Views\\layout\\surat\\template.php', 300, [...])
 2 SYSTEMPATH\View\View.php(213): include('APPPATH\\Views\\layout\\surat\\template.php')
 3 SYSTEMPATH\View\View.php(216): CodeIgniter\View\View->CodeIgniter\View\{closure}()
 4 SYSTEMPATH\View\View.php(229): CodeIgniter\View\View->render('layout/surat/template', [...], true)
 5 SYSTEMPATH\Common.php(1142): CodeIgniter\View\View->render('surat/suratmasuk/indexsuratmasuk.php', [...], true)
 6 APPPATH\Controllers\SuratMasuk.php(43): view('surat/suratmasuk/indexsuratmasuk.php', [...], [...])
 7 SYSTEMPATH\CodeIgniter.php(904): App\Controllers\SuratMasuk->index()
 8 SYSTEMPATH\CodeIgniter.php(457): CodeIgniter\CodeIgniter->runController(Object(App\Controllers\SuratMasuk))
 9 SYSTEMPATH\CodeIgniter.php(340): CodeIgniter\CodeIgniter->handleRequest(null, Object(Config\Cache), false)
10 FCPATH\index.php(67): CodeIgniter\CodeIgniter->run()
CRITICAL - 2022-09-21 20:56:09 --> Undefined variable: status
in APPPATH\Views\layout\surat\template.php on line 300.
 1 APPPATH\Views\layout\surat\template.php(300): CodeIgniter\Debug\Exceptions->errorHandler(8, 'Undefined variable: status', 'APPPATH\\Views\\layout\\surat\\template.php', 300, [...])
 2 SYSTEMPATH\View\View.php(213): include('APPPATH\\Views\\layout\\surat\\template.php')
 3 SYSTEMPATH\View\View.php(216): CodeIgniter\View\View->CodeIgniter\View\{closure}()
 4 SYSTEMPATH\View\View.php(229): CodeIgniter\View\View->render('layout/surat/template', [...], true)
 5 SYSTEMPATH\Common.php(1142): CodeIgniter\View\View->render('surat/suratmasuk/indexsuratmasuk.php', [...], true)
 6 APPPATH\Controllers\SuratMasuk.php(43): view('surat/suratmasuk/indexsuratmasuk.php', [...], [...])
 7 SYSTEMPATH\CodeIgniter.php(904): App\Controllers\SuratMasuk->index()
 8 SYSTEMPATH\CodeIgniter.php(457): CodeIgniter\CodeIgniter->runController(Object(App\Controllers\SuratMasuk))
 9 SYSTEMPATH\CodeIgniter.php(340): CodeIgniter\CodeIgniter->handleRequest(null, Object(Config\Cache), false)
10 FCPATH\index.php(67): CodeIgniter\CodeIgniter->run()
CRITICAL - 2022-09-21 20:56:09 --> Undefined variable: status
in APPPATH\Views\layout\surat\template.php on line 300.
 1 APPPATH\Views\layout\surat\template.php(300): CodeIgniter\Debug\Exceptions->errorHandler(8, 'Undefined variable: status', 'APPPATH\\Views\\layout\\surat\\template.php', 300, [...])
 2 SYSTEMPATH\View\View.php(213): include('APPPATH\\Views\\layout\\surat\\template.php')
 3 SYSTEMPATH\View\View.php(216): CodeIgniter\View\View->CodeIgniter\View\{closure}()
 4 SYSTEMPATH\View\View.php(229): CodeIgniter\View\View->render('layout/surat/template', [...], true)
 5 SYSTEMPATH\Common.php(1142): CodeIgniter\View\View->render('surat/suratmasuk/indexsuratmasuk.php', [...], true)
 6 APPPATH\Controllers\SuratMasuk.php(43): view('surat/suratmasuk/indexsuratmasuk.php', [...], [...])
 7 SYSTEMPATH\CodeIgniter.php(904): App\Controllers\SuratMasuk->index()
 8 SYSTEMPATH\CodeIgniter.php(457): CodeIgniter\CodeIgniter->runController(Object(App\Controllers\SuratMasuk))
 9 SYSTEMPATH\CodeIgniter.php(340): CodeIgniter\CodeIgniter->handleRequest(null, Object(Config\Cache), false)
10 FCPATH\index.php(67): CodeIgniter\CodeIgniter->run()
CRITICAL - 2022-09-21 20:56:14 --> Undefined variable: status
in APPPATH\Views\layout\surat\template.php on line 300.
 1 APPPATH\Views\layout\surat\template.php(300): CodeIgniter\Debug\Exceptions->errorHandler(8, 'Undefined variable: status', 'APPPATH\\Views\\layout\\surat\\template.php', 300, [...])
 2 SYSTEMPATH\View\View.php(213): include('APPPATH\\Views\\layout\\surat\\template.php')
 3 SYSTEMPATH\View\View.php(216): CodeIgniter\View\View->CodeIgniter\View\{closure}()
 4 SYSTEMPATH\View\View.php(229): CodeIgniter\View\View->render('layout/surat/template', [...], true)
 5 SYSTEMPATH\Common.php(1142): CodeIgniter\View\View->render('surat/suratmasuk/indexsuratmasuk.php', [...], true)
 6 APPPATH\Controllers\SuratMasuk.php(43): view('surat/suratmasuk/indexsuratmasuk.php', [...], [...])
 7 SYSTEMPATH\CodeIgniter.php(904): App\Controllers\SuratMasuk->index()
 8 SYSTEMPATH\CodeIgniter.php(457): CodeIgniter\CodeIgniter->runController(Object(App\Controllers\SuratMasuk))
 9 SYSTEMPATH\CodeIgniter.php(340): CodeIgniter\CodeIgniter->handleRequest(null, Object(Config\Cache), false)
10 FCPATH\index.php(67): CodeIgniter\CodeIgniter->run()
CRITICAL - 2022-09-21 20:56:52 --> Undefined variable: status
in APPPATH\Views\layout\surat\template.php on line 300.
 1 APPPATH\Views\layout\surat\template.php(300): CodeIgniter\Debug\Exceptions->errorHandler(8, 'Undefined variable: status', 'APPPATH\\Views\\layout\\surat\\template.php', 300, [...])
 2 SYSTEMPATH\View\View.php(213): include('APPPATH\\Views\\layout\\surat\\template.php')
 3 SYSTEMPATH\View\View.php(216): CodeIgniter\View\View->CodeIgniter\View\{closure}()
 4 SYSTEMPATH\View\View.php(229): CodeIgniter\View\View->render('layout/surat/template', [...], true)
 5 SYSTEMPATH\Common.php(1142): CodeIgniter\View\View->render('surat/suratmasuk/indexsuratmasuk.php', [...], true)
 6 APPPATH\Controllers\SuratMasuk.php(44): view('surat/suratmasuk/indexsuratmasuk.php', [...], [...], true)
 7 SYSTEMPATH\CodeIgniter.php(904): App\Controllers\SuratMasuk->index()
 8 SYSTEMPATH\CodeIgniter.php(457): CodeIgniter\CodeIgniter->runController(Object(App\Controllers\SuratMasuk))
 9 SYSTEMPATH\CodeIgniter.php(340): CodeIgniter\CodeIgniter->handleRequest(null, Object(Config\Cache), false)
10 FCPATH\index.php(67): CodeIgniter\CodeIgniter->run()
CRITICAL - 2022-09-21 20:56:52 --> Undefined variable: status
in APPPATH\Views\layout\surat\template.php on line 300.
 1 APPPATH\Views\layout\surat\template.php(300): CodeIgniter\Debug\Exceptions->errorHandler(8, 'Undefined variable: status', 'APPPATH\\Views\\layout\\surat\\template.php', 300, [...])
 2 SYSTEMPATH\View\View.php(213): include('APPPATH\\Views\\layout\\surat\\template.php')
 3 SYSTEMPATH\View\View.php(216): CodeIgniter\View\View->CodeIgniter\View\{closure}()
 4 SYSTEMPATH\View\View.php(229): CodeIgniter\View\View->render('layout/surat/template', [...], true)
 5 SYSTEMPATH\Common.php(1142): CodeIgniter\View\View->render('surat/suratmasuk/indexsuratmasuk.php', [...], true)
 6 APPPATH\Controllers\SuratMasuk.php(44): view('surat/suratmasuk/indexsuratmasuk.php', [...], [...], true)
 7 SYSTEMPATH\CodeIgniter.php(904): App\Controllers\SuratMasuk->index()
 8 SYSTEMPATH\CodeIgniter.php(457): CodeIgniter\CodeIgniter->runController(Object(App\Controllers\SuratMasuk))
 9 SYSTEMPATH\CodeIgniter.php(340): CodeIgniter\CodeIgniter->handleRequest(null, Object(Config\Cache), false)
10 FCPATH\index.php(67): CodeIgniter\CodeIgniter->run()
CRITICAL - 2022-09-21 20:56:53 --> Undefined variable: status
in APPPATH\Views\layout\surat\template.php on line 300.
 1 APPPATH\Views\layout\surat\template.php(300): CodeIgniter\Debug\Exceptions->errorHandler(8, 'Undefined variable: status', 'APPPATH\\Views\\layout\\surat\\template.php', 300, [...])
 2 SYSTEMPATH\View\View.php(213): include('APPPATH\\Views\\layout\\surat\\template.php')
 3 SYSTEMPATH\View\View.php(216): CodeIgniter\View\View->CodeIgniter\View\{closure}()
 4 SYSTEMPATH\View\View.php(229): CodeIgniter\View\View->render('layout/surat/template', [...], true)
 5 SYSTEMPATH\Common.php(1142): CodeIgniter\View\View->render('surat/suratmasuk/indexsuratmasuk.php', [...], true)
 6 APPPATH\Controllers\SuratMasuk.php(44): view('surat/suratmasuk/indexsuratmasuk.php', [...], [...], true)
 7 SYSTEMPATH\CodeIgniter.php(904): App\Controllers\SuratMasuk->index()
 8 SYSTEMPATH\CodeIgniter.php(457): CodeIgniter\CodeIgniter->runController(Object(App\Controllers\SuratMasuk))
 9 SYSTEMPATH\CodeIgniter.php(340): CodeIgniter\CodeIgniter->handleRequest(null, Object(Config\Cache), false)
10 FCPATH\index.php(67): CodeIgniter\CodeIgniter->run()
CRITICAL - 2022-09-21 20:56:53 --> Undefined variable: status
in APPPATH\Views\layout\surat\template.php on line 300.
 1 APPPATH\Views\layout\surat\template.php(300): CodeIgniter\Debug\Exceptions->errorHandler(8, 'Undefined variable: status', 'APPPATH\\Views\\layout\\surat\\template.php', 300, [...])
 2 SYSTEMPATH\View\View.php(213): include('APPPATH\\Views\\layout\\surat\\template.php')
 3 SYSTEMPATH\View\View.php(216): CodeIgniter\View\View->CodeIgniter\View\{closure}()
 4 SYSTEMPATH\View\View.php(229): CodeIgniter\View\View->render('layout/surat/template', [...], true)
 5 SYSTEMPATH\Common.php(1142): CodeIgniter\View\View->render('surat/suratmasuk/indexsuratmasuk.php', [...], true)
 6 APPPATH\Controllers\SuratMasuk.php(44): view('surat/suratmasuk/indexsuratmasuk.php', [...], [...], true)
 7 SYSTEMPATH\CodeIgniter.php(904): App\Controllers\SuratMasuk->index()
 8 SYSTEMPATH\CodeIgniter.php(457): CodeIgniter\CodeIgniter->runController(Object(App\Controllers\SuratMasuk))
 9 SYSTEMPATH\CodeIgniter.php(340): CodeIgniter\CodeIgniter->handleRequest(null, Object(Config\Cache), false)
10 FCPATH\index.php(67): CodeIgniter\CodeIgniter->run()
CRITICAL - 2022-09-21 20:56:53 --> Undefined variable: status
in APPPATH\Views\layout\surat\template.php on line 300.
 1 APPPATH\Views\layout\surat\template.php(300): CodeIgniter\Debug\Exceptions->errorHandler(8, 'Undefined variable: status', 'APPPATH\\Views\\layout\\surat\\template.php', 300, [...])
 2 SYSTEMPATH\View\View.php(213): include('APPPATH\\Views\\layout\\surat\\template.php')
 3 SYSTEMPATH\View\View.php(216): CodeIgniter\View\View->CodeIgniter\View\{closure}()
 4 SYSTEMPATH\View\View.php(229): CodeIgniter\View\View->render('layout/surat/template', [...], true)
 5 SYSTEMPATH\Common.php(1142): CodeIgniter\View\View->render('surat/suratmasuk/indexsuratmasuk.php', [...], true)
 6 APPPATH\Controllers\SuratMasuk.php(44): view('surat/suratmasuk/indexsuratmasuk.php', [...], [...], true)
 7 SYSTEMPATH\CodeIgniter.php(904): App\Controllers\SuratMasuk->index()
 8 SYSTEMPATH\CodeIgniter.php(457): CodeIgniter\CodeIgniter->runController(Object(App\Controllers\SuratMasuk))
 9 SYSTEMPATH\CodeIgniter.php(340): CodeIgniter\CodeIgniter->handleRequest(null, Object(Config\Cache), false)
10 FCPATH\index.php(67): CodeIgniter\CodeIgniter->run()
CRITICAL - 2022-09-21 20:56:53 --> Undefined variable: status
in APPPATH\Views\layout\surat\template.php on line 300.
 1 APPPATH\Views\layout\surat\template.php(300): CodeIgniter\Debug\Exceptions->errorHandler(8, 'Undefined variable: status', 'APPPATH\\Views\\layout\\surat\\template.php', 300, [...])
 2 SYSTEMPATH\View\View.php(213): include('APPPATH\\Views\\layout\\surat\\template.php')
 3 SYSTEMPATH\View\View.php(216): CodeIgniter\View\View->CodeIgniter\View\{closure}()
 4 SYSTEMPATH\View\View.php(229): CodeIgniter\View\View->render('layout/surat/template', [...], true)
 5 SYSTEMPATH\Common.php(1142): CodeIgniter\View\View->render('surat/suratmasuk/indexsuratmasuk.php', [...], true)
 6 APPPATH\Controllers\SuratMasuk.php(44): view('surat/suratmasuk/indexsuratmasuk.php', [...], [...], true)
 7 SYSTEMPATH\CodeIgniter.php(904): App\Controllers\SuratMasuk->index()
 8 SYSTEMPATH\CodeIgniter.php(457): CodeIgniter\CodeIgniter->runController(Object(App\Controllers\SuratMasuk))
 9 SYSTEMPATH\CodeIgniter.php(340): CodeIgniter\CodeIgniter->handleRequest(null, Object(Config\Cache), false)
10 FCPATH\index.php(67): CodeIgniter\CodeIgniter->run()
CRITICAL - 2022-09-21 20:56:53 --> Undefined variable: status
in APPPATH\Views\layout\surat\template.php on line 300.
 1 APPPATH\Views\layout\surat\template.php(300): CodeIgniter\Debug\Exceptions->errorHandler(8, 'Undefined variable: status', 'APPPATH\\Views\\layout\\surat\\template.php', 300, [...])
 2 SYSTEMPATH\View\View.php(213): include('APPPATH\\Views\\layout\\surat\\template.php')
 3 SYSTEMPATH\View\View.php(216): CodeIgniter\View\View->CodeIgniter\View\{closure}()
 4 SYSTEMPATH\View\View.php(229): CodeIgniter\View\View->render('layout/surat/template', [...], true)
 5 SYSTEMPATH\Common.php(1142): CodeIgniter\View\View->render('surat/suratmasuk/indexsuratmasuk.php', [...], true)
 6 APPPATH\Controllers\SuratMasuk.php(44): view('surat/suratmasuk/indexsuratmasuk.php', [...], [...], true)
 7 SYSTEMPATH\CodeIgniter.php(904): App\Controllers\SuratMasuk->index()
 8 SYSTEMPATH\CodeIgniter.php(457): CodeIgniter\CodeIgniter->runController(Object(App\Controllers\SuratMasuk))
 9 SYSTEMPATH\CodeIgniter.php(340): CodeIgniter\CodeIgniter->handleRequest(null, Object(Config\Cache), false)
10 FCPATH\index.php(67): CodeIgniter\CodeIgniter->run()
CRITICAL - 2022-09-21 20:57:04 --> Undefined variable: status
in APPPATH\Views\layout\surat\template.php on line 300.
 1 APPPATH\Views\layout\surat\template.php(300): CodeIgniter\Debug\Exceptions->errorHandler(8, 'Undefined variable: status', 'APPPATH\\Views\\layout\\surat\\template.php', 300, [...])
 2 SYSTEMPATH\View\View.php(213): include('APPPATH\\Views\\layout\\surat\\template.php')
 3 SYSTEMPATH\View\View.php(216): CodeIgniter\View\View->CodeIgniter\View\{closure}()
 4 SYSTEMPATH\View\View.php(229): CodeIgniter\View\View->render('layout/surat/template', [...], true)
 5 SYSTEMPATH\Common.php(1142): CodeIgniter\View\View->render('surat/suratmasuk/indexsuratmasuk.php', [...], true)
 6 APPPATH\Controllers\SuratMasuk.php(44): view('surat/suratmasuk/indexsuratmasuk.php', [...], [...], true)
 7 SYSTEMPATH\CodeIgniter.php(904): App\Controllers\SuratMasuk->index()
 8 SYSTEMPATH\CodeIgniter.php(457): CodeIgniter\CodeIgniter->runController(Object(App\Controllers\SuratMasuk))
 9 SYSTEMPATH\CodeIgniter.php(340): CodeIgniter\CodeIgniter->handleRequest(null, Object(Config\Cache), false)
10 FCPATH\index.php(67): CodeIgniter\CodeIgniter->run()
CRITICAL - 2022-09-21 20:57:04 --> Undefined variable: status
in APPPATH\Views\layout\surat\template.php on line 300.
 1 APPPATH\Views\layout\surat\template.php(300): CodeIgniter\Debug\Exceptions->errorHandler(8, 'Undefined variable: status', 'APPPATH\\Views\\layout\\surat\\template.php', 300, [...])
 2 SYSTEMPATH\View\View.php(213): include('APPPATH\\Views\\layout\\surat\\template.php')
 3 SYSTEMPATH\View\View.php(216): CodeIgniter\View\View->CodeIgniter\View\{closure}()
 4 SYSTEMPATH\View\View.php(229): CodeIgniter\View\View->render('layout/surat/template', [...], true)
 5 SYSTEMPATH\Common.php(1142): CodeIgniter\View\View->render('surat/suratmasuk/indexsuratmasuk.php', [...], true)
 6 APPPATH\Controllers\SuratMasuk.php(44): view('surat/suratmasuk/indexsuratmasuk.php', [...], [...], true)
 7 SYSTEMPATH\CodeIgniter.php(904): App\Controllers\SuratMasuk->index()
 8 SYSTEMPATH\CodeIgniter.php(457): CodeIgniter\CodeIgniter->runController(Object(App\Controllers\SuratMasuk))
 9 SYSTEMPATH\CodeIgniter.php(340): CodeIgniter\CodeIgniter->handleRequest(null, Object(Config\Cache), false)
10 FCPATH\index.php(67): CodeIgniter\CodeIgniter->run()
CRITICAL - 2022-09-21 20:57:04 --> Undefined variable: status
in APPPATH\Views\layout\surat\template.php on line 300.
 1 APPPATH\Views\layout\surat\template.php(300): CodeIgniter\Debug\Exceptions->errorHandler(8, 'Undefined variable: status', 'APPPATH\\Views\\layout\\surat\\template.php', 300, [...])
 2 SYSTEMPATH\View\View.php(213): include('APPPATH\\Views\\layout\\surat\\template.php')
 3 SYSTEMPATH\View\View.php(216): CodeIgniter\View\View->CodeIgniter\View\{closure}()
 4 SYSTEMPATH\View\View.php(229): CodeIgniter\View\View->render('layout/surat/template', [...], true)
 5 SYSTEMPATH\Common.php(1142): CodeIgniter\View\View->render('surat/suratmasuk/indexsuratmasuk.php', [...], true)
 6 APPPATH\Controllers\SuratMasuk.php(44): view('surat/suratmasuk/indexsuratmasuk.php', [...], [...], true)
 7 SYSTEMPATH\CodeIgniter.php(904): App\Controllers\SuratMasuk->index()
 8 SYSTEMPATH\CodeIgniter.php(457): CodeIgniter\CodeIgniter->runController(Object(App\Controllers\SuratMasuk))
 9 SYSTEMPATH\CodeIgniter.php(340): CodeIgniter\CodeIgniter->handleRequest(null, Object(Config\Cache), false)
10 FCPATH\index.php(67): CodeIgniter\CodeIgniter->run()
CRITICAL - 2022-09-21 20:57:05 --> Undefined variable: status
in APPPATH\Views\layout\surat\template.php on line 300.
 1 APPPATH\Views\layout\surat\template.php(300): CodeIgniter\Debug\Exceptions->errorHandler(8, 'Undefined variable: status', 'APPPATH\\Views\\layout\\surat\\template.php', 300, [...])
 2 SYSTEMPATH\View\View.php(213): include('APPPATH\\Views\\layout\\surat\\template.php')
 3 SYSTEMPATH\View\View.php(216): CodeIgniter\View\View->CodeIgniter\View\{closure}()
 4 SYSTEMPATH\View\View.php(229): CodeIgniter\View\View->render('layout/surat/template', [...], true)
 5 SYSTEMPATH\Common.php(1142): CodeIgniter\View\View->render('surat/suratmasuk/indexsuratmasuk.php', [...], true)
 6 APPPATH\Controllers\SuratMasuk.php(44): view('surat/suratmasuk/indexsuratmasuk.php', [...], [...], true)
 7 SYSTEMPATH\CodeIgniter.php(904): App\Controllers\SuratMasuk->index()
 8 SYSTEMPATH\CodeIgniter.php(457): CodeIgniter\CodeIgniter->runController(Object(App\Controllers\SuratMasuk))
 9 SYSTEMPATH\CodeIgniter.php(340): CodeIgniter\CodeIgniter->handleRequest(null, Object(Config\Cache), false)
10 FCPATH\index.php(67): CodeIgniter\CodeIgniter->run()
CRITICAL - 2022-09-21 20:57:05 --> Undefined variable: status
in APPPATH\Views\layout\surat\template.php on line 300.
 1 APPPATH\Views\layout\surat\template.php(300): CodeIgniter\Debug\Exceptions->errorHandler(8, 'Undefined variable: status', 'APPPATH\\Views\\layout\\surat\\template.php', 300, [...])
 2 SYSTEMPATH\View\View.php(213): include('APPPATH\\Views\\layout\\surat\\template.php')
 3 SYSTEMPATH\View\View.php(216): CodeIgniter\View\View->CodeIgniter\View\{closure}()
 4 SYSTEMPATH\View\View.php(229): CodeIgniter\View\View->render('layout/surat/template', [...], true)
 5 SYSTEMPATH\Common.php(1142): CodeIgniter\View\View->render('surat/suratmasuk/indexsuratmasuk.php', [...], true)
 6 APPPATH\Controllers\SuratMasuk.php(44): view('surat/suratmasuk/indexsuratmasuk.php', [...], [...], true)
 7 SYSTEMPATH\CodeIgniter.php(904): App\Controllers\SuratMasuk->index()
 8 SYSTEMPATH\CodeIgniter.php(457): CodeIgniter\CodeIgniter->runController(Object(App\Controllers\SuratMasuk))
 9 SYSTEMPATH\CodeIgniter.php(340): CodeIgniter\CodeIgniter->handleRequest(null, Object(Config\Cache), false)
10 FCPATH\index.php(67): CodeIgniter\CodeIgniter->run()
CRITICAL - 2022-09-21 20:57:05 --> Undefined variable: status
in APPPATH\Views\layout\surat\template.php on line 300.
 1 APPPATH\Views\layout\surat\template.php(300): CodeIgniter\Debug\Exceptions->errorHandler(8, 'Undefined variable: status', 'APPPATH\\Views\\layout\\surat\\template.php', 300, [...])
 2 SYSTEMPATH\View\View.php(213): include('APPPATH\\Views\\layout\\surat\\template.php')
 3 SYSTEMPATH\View\View.php(216): CodeIgniter\View\View->CodeIgniter\View\{closure}()
 4 SYSTEMPATH\View\View.php(229): CodeIgniter\View\View->render('layout/surat/template', [...], true)
 5 SYSTEMPATH\Common.php(1142): CodeIgniter\View\View->render('surat/suratmasuk/indexsuratmasuk.php', [...], true)
 6 APPPATH\Controllers\SuratMasuk.php(44): view('surat/suratmasuk/indexsuratmasuk.php', [...], [...], true)
 7 SYSTEMPATH\CodeIgniter.php(904): App\Controllers\SuratMasuk->index()
 8 SYSTEMPATH\CodeIgniter.php(457): CodeIgniter\CodeIgniter->runController(Object(App\Controllers\SuratMasuk))
 9 SYSTEMPATH\CodeIgniter.php(340): CodeIgniter\CodeIgniter->handleRequest(null, Object(Config\Cache), false)
10 FCPATH\index.php(67): CodeIgniter\CodeIgniter->run()
CRITICAL - 2022-09-21 20:57:05 --> Undefined variable: status
in APPPATH\Views\layout\surat\template.php on line 300.
 1 APPPATH\Views\layout\surat\template.php(300): CodeIgniter\Debug\Exceptions->errorHandler(8, 'Undefined variable: status', 'APPPATH\\Views\\layout\\surat\\template.php', 300, [...])
 2 SYSTEMPATH\View\View.php(213): include('APPPATH\\Views\\layout\\surat\\template.php')
 3 SYSTEMPATH\View\View.php(216): CodeIgniter\View\View->CodeIgniter\View\{closure}()
 4 SYSTEMPATH\View\View.php(229): CodeIgniter\View\View->render('layout/surat/template', [...], true)
 5 SYSTEMPATH\Common.php(1142): CodeIgniter\View\View->render('surat/suratmasuk/indexsuratmasuk.php', [...], true)
 6 APPPATH\Controllers\SuratMasuk.php(44): view('surat/suratmasuk/indexsuratmasuk.php', [...], [...], true)
 7 SYSTEMPATH\CodeIgniter.php(904): App\Controllers\SuratMasuk->index()
 8 SYSTEMPATH\CodeIgniter.php(457): CodeIgniter\CodeIgniter->runController(Object(App\Controllers\SuratMasuk))
 9 SYSTEMPATH\CodeIgniter.php(340): CodeIgniter\CodeIgniter->handleRequest(null, Object(Config\Cache), false)
10 FCPATH\index.php(67): CodeIgniter\CodeIgniter->run()
CRITICAL - 2022-09-21 20:57:05 --> Undefined variable: status
in APPPATH\Views\layout\surat\template.php on line 300.
 1 APPPATH\Views\layout\surat\template.php(300): CodeIgniter\Debug\Exceptions->errorHandler(8, 'Undefined variable: status', 'APPPATH\\Views\\layout\\surat\\template.php', 300, [...])
 2 SYSTEMPATH\View\View.php(213): include('APPPATH\\Views\\layout\\surat\\template.php')
 3 SYSTEMPATH\View\View.php(216): CodeIgniter\View\View->CodeIgniter\View\{closure}()
 4 SYSTEMPATH\View\View.php(229): CodeIgniter\View\View->render('layout/surat/template', [...], true)
 5 SYSTEMPATH\Common.php(1142): CodeIgniter\View\View->render('surat/suratmasuk/indexsuratmasuk.php', [...], true)
 6 APPPATH\Controllers\SuratMasuk.php(44): view('surat/suratmasuk/indexsuratmasuk.php', [...], [...], true)
 7 SYSTEMPATH\CodeIgniter.php(904): App\Controllers\SuratMasuk->index()
 8 SYSTEMPATH\CodeIgniter.php(457): CodeIgniter\CodeIgniter->runController(Object(App\Controllers\SuratMasuk))
 9 SYSTEMPATH\CodeIgniter.php(340): CodeIgniter\CodeIgniter->handleRequest(null, Object(Config\Cache), false)
10 FCPATH\index.php(67): CodeIgniter\CodeIgniter->run()
CRITICAL - 2022-09-21 20:57:06 --> Undefined variable: status
in APPPATH\Views\layout\surat\template.php on line 300.
 1 APPPATH\Views\layout\surat\template.php(300): CodeIgniter\Debug\Exceptions->errorHandler(8, 'Undefined variable: status', 'APPPATH\\Views\\layout\\surat\\template.php', 300, [...])
 2 SYSTEMPATH\View\View.php(213): include('APPPATH\\Views\\layout\\surat\\template.php')
 3 SYSTEMPATH\View\View.php(216): CodeIgniter\View\View->CodeIgniter\View\{closure}()
 4 SYSTEMPATH\View\View.php(229): CodeIgniter\View\View->render('layout/surat/template', [...], true)
 5 SYSTEMPATH\Common.php(1142): CodeIgniter\View\View->render('surat/suratmasuk/indexsuratmasuk.php', [...], true)
 6 APPPATH\Controllers\SuratMasuk.php(44): view('surat/suratmasuk/indexsuratmasuk.php', [...], [...], true)
 7 SYSTEMPATH\CodeIgniter.php(904): App\Controllers\SuratMasuk->index()
 8 SYSTEMPATH\CodeIgniter.php(457): CodeIgniter\CodeIgniter->runController(Object(App\Controllers\SuratMasuk))
 9 SYSTEMPATH\CodeIgniter.php(340): CodeIgniter\CodeIgniter->handleRequest(null, Object(Config\Cache), false)
10 FCPATH\index.php(67): CodeIgniter\CodeIgniter->run()
CRITICAL - 2022-09-21 20:57:06 --> Undefined variable: status
in APPPATH\Views\layout\surat\template.php on line 300.
 1 APPPATH\Views\layout\surat\template.php(300): CodeIgniter\Debug\Exceptions->errorHandler(8, 'Undefined variable: status', 'APPPATH\\Views\\layout\\surat\\template.php', 300, [...])
 2 SYSTEMPATH\View\View.php(213): include('APPPATH\\Views\\layout\\surat\\template.php')
 3 SYSTEMPATH\View\View.php(216): CodeIgniter\View\View->CodeIgniter\View\{closure}()
 4 SYSTEMPATH\View\View.php(229): CodeIgniter\View\View->render('layout/surat/template', [...], true)
 5 SYSTEMPATH\Common.php(1142): CodeIgniter\View\View->render('surat/suratmasuk/indexsuratmasuk.php', [...], true)
 6 APPPATH\Controllers\SuratMasuk.php(44): view('surat/suratmasuk/indexsuratmasuk.php', [...], [...], true)
 7 SYSTEMPATH\CodeIgniter.php(904): App\Controllers\SuratMasuk->index()
 8 SYSTEMPATH\CodeIgniter.php(457): CodeIgniter\CodeIgniter->runController(Object(App\Controllers\SuratMasuk))
 9 SYSTEMPATH\CodeIgniter.php(340): CodeIgniter\CodeIgniter->handleRequest(null, Object(Config\Cache), false)
10 FCPATH\index.php(67): CodeIgniter\CodeIgniter->run()
CRITICAL - 2022-09-21 20:57:06 --> Undefined variable: status
in APPPATH\Views\layout\surat\template.php on line 300.
 1 APPPATH\Views\layout\surat\template.php(300): CodeIgniter\Debug\Exceptions->errorHandler(8, 'Undefined variable: status', 'APPPATH\\Views\\layout\\surat\\template.php', 300, [...])
 2 SYSTEMPATH\View\View.php(213): include('APPPATH\\Views\\layout\\surat\\template.php')
 3 SYSTEMPATH\View\View.php(216): CodeIgniter\View\View->CodeIgniter\View\{closure}()
 4 SYSTEMPATH\View\View.php(229): CodeIgniter\View\View->render('layout/surat/template', [...], true)
 5 SYSTEMPATH\Common.php(1142): CodeIgniter\View\View->render('surat/suratmasuk/indexsuratmasuk.php', [...], true)
 6 APPPATH\Controllers\SuratMasuk.php(44): view('surat/suratmasuk/indexsuratmasuk.php', [...], [...], true)
 7 SYSTEMPATH\CodeIgniter.php(904): App\Controllers\SuratMasuk->index()
 8 SYSTEMPATH\CodeIgniter.php(457): CodeIgniter\CodeIgniter->runController(Object(App\Controllers\SuratMasuk))
 9 SYSTEMPATH\CodeIgniter.php(340): CodeIgniter\CodeIgniter->handleRequest(null, Object(Config\Cache), false)
10 FCPATH\index.php(67): CodeIgniter\CodeIgniter->run()
CRITICAL - 2022-09-21 20:57:06 --> Undefined variable: status
in APPPATH\Views\layout\surat\template.php on line 300.
 1 APPPATH\Views\layout\surat\template.php(300): CodeIgniter\Debug\Exceptions->errorHandler(8, 'Undefined variable: status', 'APPPATH\\Views\\layout\\surat\\template.php', 300, [...])
 2 SYSTEMPATH\View\View.php(213): include('APPPATH\\Views\\layout\\surat\\template.php')
 3 SYSTEMPATH\View\View.php(216): CodeIgniter\View\View->CodeIgniter\View\{closure}()
 4 SYSTEMPATH\View\View.php(229): CodeIgniter\View\View->render('layout/surat/template', [...], true)
 5 SYSTEMPATH\Common.php(1142): CodeIgniter\View\View->render('surat/suratmasuk/indexsuratmasuk.php', [...], true)
 6 APPPATH\Controllers\SuratMasuk.php(44): view('surat/suratmasuk/indexsuratmasuk.php', [...], [...], true)
 7 SYSTEMPATH\CodeIgniter.php(904): App\Controllers\SuratMasuk->index()
 8 SYSTEMPATH\CodeIgniter.php(457): CodeIgniter\CodeIgniter->runController(Object(App\Controllers\SuratMasuk))
 9 SYSTEMPATH\CodeIgniter.php(340): CodeIgniter\CodeIgniter->handleRequest(null, Object(Config\Cache), false)
10 FCPATH\index.php(67): CodeIgniter\CodeIgniter->run()
CRITICAL - 2022-09-21 20:57:06 --> Undefined variable: status
in APPPATH\Views\layout\surat\template.php on line 300.
 1 APPPATH\Views\layout\surat\template.php(300): CodeIgniter\Debug\Exceptions->errorHandler(8, 'Undefined variable: status', 'APPPATH\\Views\\layout\\surat\\template.php', 300, [...])
 2 SYSTEMPATH\View\View.php(213): include('APPPATH\\Views\\layout\\surat\\template.php')
 3 SYSTEMPATH\View\View.php(216): CodeIgniter\View\View->CodeIgniter\View\{closure}()
 4 SYSTEMPATH\View\View.php(229): CodeIgniter\View\View->render('layout/surat/template', [...], true)
 5 SYSTEMPATH\Common.php(1142): CodeIgniter\View\View->render('surat/suratmasuk/indexsuratmasuk.php', [...], true)
 6 APPPATH\Controllers\SuratMasuk.php(44): view('surat/suratmasuk/indexsuratmasuk.php', [...], [...], true)
 7 SYSTEMPATH\CodeIgniter.php(904): App\Controllers\SuratMasuk->index()
 8 SYSTEMPATH\CodeIgniter.php(457): CodeIgniter\CodeIgniter->runController(Object(App\Controllers\SuratMasuk))
 9 SYSTEMPATH\CodeIgniter.php(340): CodeIgniter\CodeIgniter->handleRequest(null, Object(Config\Cache), false)
10 FCPATH\index.php(67): CodeIgniter\CodeIgniter->run()
CRITICAL - 2022-09-21 21:15:45 --> Undefined variable: status
in APPPATH\Controllers\SuratMasuk.php on line 130.
 1 APPPATH\Controllers\SuratMasuk.php(130): CodeIgniter\Debug\Exceptions->errorHandler(8, 'Undefined variable: status', 'APPPATH\\Controllers\\SuratMasuk.php', 130, [])
 2 SYSTEMPATH\CodeIgniter.php(904): App\Controllers\SuratMasuk->tambahSuratMasuk()
 3 SYSTEMPATH\CodeIgniter.php(457): CodeIgniter\CodeIgniter->runController(Object(App\Controllers\SuratMasuk))
 4 SYSTEMPATH\CodeIgniter.php(340): CodeIgniter\CodeIgniter->handleRequest(null, Object(Config\Cache), false)
 5 FCPATH\index.php(67): CodeIgniter\CodeIgniter->run()
CRITICAL - 2022-09-21 22:55:28 --> Undefined variable: suratmasuk
in APPPATH\Views\surat\suratmasuk\indexsuratmasuk.php on line 50.
 1 APPPATH\Views\surat\suratmasuk\indexsuratmasuk.php(50): CodeIgniter\Debug\Exceptions->errorHandler(8, 'Undefined variable: suratmasuk', 'APPPATH\\Views\\surat\\suratmasuk\\indexsuratmasuk.php', 50, [...])
 2 SYSTEMPATH\View\View.php(213): include('APPPATH\\Views\\surat\\suratmasuk\\indexsuratmasuk.php')
 3 SYSTEMPATH\View\View.php(216): CodeIgniter\View\View->CodeIgniter\View\{closure}()
 4 SYSTEMPATH\Common.php(1142): CodeIgniter\View\View->render('surat/suratmasuk/indexsuratmasuk.php', [], true)
 5 APPPATH\Controllers\SuratMasuk.php(132): view('surat/suratmasuk/indexsuratmasuk.php', [...])
 6 SYSTEMPATH\CodeIgniter.php(904): App\Controllers\SuratMasuk->tambahSuratMasuk()
 7 SYSTEMPATH\CodeIgniter.php(457): CodeIgniter\CodeIgniter->runController(Object(App\Controllers\SuratMasuk))
 8 SYSTEMPATH\CodeIgniter.php(340): CodeIgniter\CodeIgniter->handleRequest(null, Object(Config\Cache), false)
 9 FCPATH\index.php(67): CodeIgniter\CodeIgniter->run()
CRITICAL - 2022-09-21 22:55:34 --> Undefined variable: suratmasuk
in APPPATH\Views\surat\suratmasuk\indexsuratmasuk.php on line 50.
 1 APPPATH\Views\surat\suratmasuk\indexsuratmasuk.php(50): CodeIgniter\Debug\Exceptions->errorHandler(8, 'Undefined variable: suratmasuk', 'APPPATH\\Views\\surat\\suratmasuk\\indexsuratmasuk.php', 50, [...])
 2 SYSTEMPATH\View\View.php(213): include('APPPATH\\Views\\surat\\suratmasuk\\indexsuratmasuk.php')
 3 SYSTEMPATH\View\View.php(216): CodeIgniter\View\View->CodeIgniter\View\{closure}()
 4 SYSTEMPATH\Common.php(1142): CodeIgniter\View\View->render('surat/suratmasuk/indexsuratmasuk.php', [], true)
 5 APPPATH\Controllers\SuratMasuk.php(132): view('surat/suratmasuk/indexsuratmasuk.php', [...])
 6 SYSTEMPATH\CodeIgniter.php(904): App\Controllers\SuratMasuk->tambahSuratMasuk()
 7 SYSTEMPATH\CodeIgniter.php(457): CodeIgniter\CodeIgniter->runController(Object(App\Controllers\SuratMasuk))
 8 SYSTEMPATH\CodeIgniter.php(340): CodeIgniter\CodeIgniter->handleRequest(null, Object(Config\Cache), false)
 9 FCPATH\index.php(67): CodeIgniter\CodeIgniter->run()
CRITICAL - 2022-09-21 23:09:49 --> Undefined variable: status
in APPPATH\Views\layout\surat\template.php on line 299.
 1 APPPATH\Views\layout\surat\template.php(299): CodeIgniter\Debug\Exceptions->errorHandler(8, 'Undefined variable: status', 'APPPATH\\Views\\layout\\surat\\template.php', 299, [...])
 2 SYSTEMPATH\View\View.php(213): include('APPPATH\\Views\\layout\\surat\\template.php')
 3 SYSTEMPATH\View\View.php(216): CodeIgniter\View\View->CodeIgniter\View\{closure}()
 4 SYSTEMPATH\View\View.php(229): CodeIgniter\View\View->render('layout/surat/template', [], true)
 5 SYSTEMPATH\Common.php(1142): CodeIgniter\View\View->render('surat/suratmasuk/indexsuratmasuk.php', [], true)
 6 APPPATH\Controllers\SuratMasuk.php(39): view('surat/suratmasuk/indexsuratmasuk.php', [...])
 7 SYSTEMPATH\CodeIgniter.php(904): App\Controllers\SuratMasuk->index()
 8 SYSTEMPATH\CodeIgniter.php(457): CodeIgniter\CodeIgniter->runController(Object(App\Controllers\SuratMasuk))
 9 SYSTEMPATH\CodeIgniter.php(340): CodeIgniter\CodeIgniter->handleRequest(null, Object(Config\Cache), false)
10 FCPATH\index.php(67): CodeIgniter\CodeIgniter->run()
CRITICAL - 2022-09-21 23:09:50 --> Undefined variable: status
in APPPATH\Views\layout\surat\template.php on line 299.
 1 APPPATH\Views\layout\surat\template.php(299): CodeIgniter\Debug\Exceptions->errorHandler(8, 'Undefined variable: status', 'APPPATH\\Views\\layout\\surat\\template.php', 299, [...])
 2 SYSTEMPATH\View\View.php(213): include('APPPATH\\Views\\layout\\surat\\template.php')
 3 SYSTEMPATH\View\View.php(216): CodeIgniter\View\View->CodeIgniter\View\{closure}()
 4 SYSTEMPATH\View\View.php(229): CodeIgniter\View\View->render('layout/surat/template', [], true)
 5 SYSTEMPATH\Common.php(1142): CodeIgniter\View\View->render('surat/suratmasuk/indexsuratmasuk.php', [], true)
 6 APPPATH\Controllers\SuratMasuk.php(39): view('surat/suratmasuk/indexsuratmasuk.php', [...])
 7 SYSTEMPATH\CodeIgniter.php(904): App\Controllers\SuratMasuk->index()
 8 SYSTEMPATH\CodeIgniter.php(457): CodeIgniter\CodeIgniter->runController(Object(App\Controllers\SuratMasuk))
 9 SYSTEMPATH\CodeIgniter.php(340): CodeIgniter\CodeIgniter->handleRequest(null, Object(Config\Cache), false)
10 FCPATH\index.php(67): CodeIgniter\CodeIgniter->run()
CRITICAL - 2022-09-21 23:09:50 --> Undefined variable: status
in APPPATH\Views\layout\surat\template.php on line 299.
 1 APPPATH\Views\layout\surat\template.php(299): CodeIgniter\Debug\Exceptions->errorHandler(8, 'Undefined variable: status', 'APPPATH\\Views\\layout\\surat\\template.php', 299, [...])
 2 SYSTEMPATH\View\View.php(213): include('APPPATH\\Views\\layout\\surat\\template.php')
 3 SYSTEMPATH\View\View.php(216): CodeIgniter\View\View->CodeIgniter\View\{closure}()
 4 SYSTEMPATH\View\View.php(229): CodeIgniter\View\View->render('layout/surat/template', [], true)
 5 SYSTEMPATH\Common.php(1142): CodeIgniter\View\View->render('surat/suratmasuk/indexsuratmasuk.php', [], true)
 6 APPPATH\Controllers\SuratMasuk.php(39): view('surat/suratmasuk/indexsuratmasuk.php', [...])
 7 SYSTEMPATH\CodeIgniter.php(904): App\Controllers\SuratMasuk->index()
 8 SYSTEMPATH\CodeIgniter.php(457): CodeIgniter\CodeIgniter->runController(Object(App\Controllers\SuratMasuk))
 9 SYSTEMPATH\CodeIgniter.php(340): CodeIgniter\CodeIgniter->handleRequest(null, Object(Config\Cache), false)
10 FCPATH\index.php(67): CodeIgniter\CodeIgniter->run()
CRITICAL - 2022-09-21 23:13:02 --> Undefined variable: status
in APPPATH\Views\layout\surat\template.php on line 299.
 1 APPPATH\Views\layout\surat\template.php(299): CodeIgniter\Debug\Exceptions->errorHandler(8, 'Undefined variable: status', 'APPPATH\\Views\\layout\\surat\\template.php', 299, [...])
 2 SYSTEMPATH\View\View.php(213): include('APPPATH\\Views\\layout\\surat\\template.php')
 3 SYSTEMPATH\View\View.php(216): CodeIgniter\View\View->CodeIgniter\View\{closure}()
 4 SYSTEMPATH\View\View.php(229): CodeIgniter\View\View->render('layout/surat/template', [], true)
 5 SYSTEMPATH\Common.php(1142): CodeIgniter\View\View->render('surat/suratmasuk/indexsuratmasuk.php', [], true)
 6 APPPATH\Controllers\SuratMasuk.php(39): view('surat/suratmasuk/indexsuratmasuk.php', [...])
 7 SYSTEMPATH\CodeIgniter.php(904): App\Controllers\SuratMasuk->index()
 8 SYSTEMPATH\CodeIgniter.php(457): CodeIgniter\CodeIgniter->runController(Object(App\Controllers\SuratMasuk))
 9 SYSTEMPATH\CodeIgniter.php(340): CodeIgniter\CodeIgniter->handleRequest(null, Object(Config\Cache), false)
10 FCPATH\index.php(67): CodeIgniter\CodeIgniter->run()
CRITICAL - 2022-09-21 23:13:05 --> Undefined variable: status
in APPPATH\Views\layout\surat\template.php on line 299.
 1 APPPATH\Views\layout\surat\template.php(299): CodeIgniter\Debug\Exceptions->errorHandler(8, 'Undefined variable: status', 'APPPATH\\Views\\layout\\surat\\template.php', 299, [...])
 2 SYSTEMPATH\View\View.php(213): include('APPPATH\\Views\\layout\\surat\\template.php')
 3 SYSTEMPATH\View\View.php(216): CodeIgniter\View\View->CodeIgniter\View\{closure}()
 4 SYSTEMPATH\View\View.php(229): CodeIgniter\View\View->render('layout/surat/template', [], true)
 5 SYSTEMPATH\Common.php(1142): CodeIgniter\View\View->render('surat/suratmasuk/indexsuratmasuk.php', [], true)
 6 APPPATH\Controllers\SuratMasuk.php(39): view('surat/suratmasuk/indexsuratmasuk.php', [...])
 7 SYSTEMPATH\CodeIgniter.php(904): App\Controllers\SuratMasuk->index()
 8 SYSTEMPATH\CodeIgniter.php(457): CodeIgniter\CodeIgniter->runController(Object(App\Controllers\SuratMasuk))
 9 SYSTEMPATH\CodeIgniter.php(340): CodeIgniter\CodeIgniter->handleRequest(null, Object(Config\Cache), false)
10 FCPATH\index.php(67): CodeIgniter\CodeIgniter->run()
CRITICAL - 2022-09-21 23:21:30 --> Undefined variable: data
in APPPATH\Views\layout\surat\template.php on line 61.
 1 APPPATH\Views\layout\surat\template.php(61): CodeIgniter\Debug\Exceptions->errorHandler(8, 'Undefined variable: data', 'APPPATH\\Views\\layout\\surat\\template.php', 61, [...])
 2 SYSTEMPATH\View\View.php(213): include('APPPATH\\Views\\layout\\surat\\template.php')
 3 SYSTEMPATH\View\View.php(216): CodeIgniter\View\View->CodeIgniter\View\{closure}()
 4 SYSTEMPATH\View\View.php(229): CodeIgniter\View\View->render('layout/surat/template', [], true)
 5 SYSTEMPATH\Common.php(1142): CodeIgniter\View\View->render('surat/suratmasuk/indexsuratmasuk.php', [], true)
 6 APPPATH\Controllers\SuratMasuk.php(39): view('surat/suratmasuk/indexsuratmasuk.php', [...])
 7 SYSTEMPATH\CodeIgniter.php(904): App\Controllers\SuratMasuk->index()
 8 SYSTEMPATH\CodeIgniter.php(457): CodeIgniter\CodeIgniter->runController(Object(App\Controllers\SuratMasuk))
 9 SYSTEMPATH\CodeIgniter.php(340): CodeIgniter\CodeIgniter->handleRequest(null, Object(Config\Cache), false)
10 FCPATH\index.php(67): CodeIgniter\CodeIgniter->run()
CRITICAL - 2022-09-21 23:21:40 --> Undefined variable: data
in APPPATH\Views\layout\surat\template.php on line 36.
 1 APPPATH\Views\layout\surat\template.php(36): CodeIgniter\Debug\Exceptions->errorHandler(8, 'Undefined variable: data', 'APPPATH\\Views\\layout\\surat\\template.php', 36, [...])
 2 SYSTEMPATH\View\View.php(213): include('APPPATH\\Views\\layout\\surat\\template.php')
 3 SYSTEMPATH\View\View.php(216): CodeIgniter\View\View->CodeIgniter\View\{closure}()
 4 SYSTEMPATH\View\View.php(229): CodeIgniter\View\View->render('layout/surat/template', [], true)
 5 SYSTEMPATH\Common.php(1142): CodeIgniter\View\View->render('surat/suratmasuk/indexsuratmasuk.php', [], true)
 6 APPPATH\Controllers\SuratMasuk.php(39): view('surat/suratmasuk/indexsuratmasuk.php', [...])
 7 SYSTEMPATH\CodeIgniter.php(904): App\Controllers\SuratMasuk->index()
 8 SYSTEMPATH\CodeIgniter.php(457): CodeIgniter\CodeIgniter->runController(Object(App\Controllers\SuratMasuk))
 9 SYSTEMPATH\CodeIgniter.php(340): CodeIgniter\CodeIgniter->handleRequest(null, Object(Config\Cache), false)
10 FCPATH\index.php(67): CodeIgniter\CodeIgniter->run()
CRITICAL - 2022-09-21 23:21:41 --> Undefined variable: data
in APPPATH\Views\layout\surat\template.php on line 36.
 1 APPPATH\Views\layout\surat\template.php(36): CodeIgniter\Debug\Exceptions->errorHandler(8, 'Undefined variable: data', 'APPPATH\\Views\\layout\\surat\\template.php', 36, [...])
 2 SYSTEMPATH\View\View.php(213): include('APPPATH\\Views\\layout\\surat\\template.php')
 3 SYSTEMPATH\View\View.php(216): CodeIgniter\View\View->CodeIgniter\View\{closure}()
 4 SYSTEMPATH\View\View.php(229): CodeIgniter\View\View->render('layout/surat/template', [], true)
 5 SYSTEMPATH\Common.php(1142): CodeIgniter\View\View->render('surat/suratmasuk/indexsuratmasuk.php', [], true)
 6 APPPATH\Controllers\SuratMasuk.php(39): view('surat/suratmasuk/indexsuratmasuk.php', [...])
 7 SYSTEMPATH\CodeIgniter.php(904): App\Controllers\SuratMasuk->index()
 8 SYSTEMPATH\CodeIgniter.php(457): CodeIgniter\CodeIgniter->runController(Object(App\Controllers\SuratMasuk))
 9 SYSTEMPATH\CodeIgniter.php(340): CodeIgniter\CodeIgniter->handleRequest(null, Object(Config\Cache), false)
10 FCPATH\index.php(67): CodeIgniter\CodeIgniter->run()
CRITICAL - 2022-09-21 23:21:41 --> Undefined variable: data
in APPPATH\Views\layout\surat\template.php on line 36.
 1 APPPATH\Views\layout\surat\template.php(36): CodeIgniter\Debug\Exceptions->errorHandler(8, 'Undefined variable: data', 'APPPATH\\Views\\layout\\surat\\template.php', 36, [...])
 2 SYSTEMPATH\View\View.php(213): include('APPPATH\\Views\\layout\\surat\\template.php')
 3 SYSTEMPATH\View\View.php(216): CodeIgniter\View\View->CodeIgniter\View\{closure}()
 4 SYSTEMPATH\View\View.php(229): CodeIgniter\View\View->render('layout/surat/template', [], true)
 5 SYSTEMPATH\Common.php(1142): CodeIgniter\View\View->render('surat/suratmasuk/indexsuratmasuk.php', [], true)
 6 APPPATH\Controllers\SuratMasuk.php(39): view('surat/suratmasuk/indexsuratmasuk.php', [...])
 7 SYSTEMPATH\CodeIgniter.php(904): App\Controllers\SuratMasuk->index()
 8 SYSTEMPATH\CodeIgniter.php(457): CodeIgniter\CodeIgniter->runController(Object(App\Controllers\SuratMasuk))
 9 SYSTEMPATH\CodeIgniter.php(340): CodeIgniter\CodeIgniter->handleRequest(null, Object(Config\Cache), false)
10 FCPATH\index.php(67): CodeIgniter\CodeIgniter->run()
CRITICAL - 2022-09-21 23:21:41 --> Undefined variable: data
in APPPATH\Views\layout\surat\template.php on line 36.
 1 APPPATH\Views\layout\surat\template.php(36): CodeIgniter\Debug\Exceptions->errorHandler(8, 'Undefined variable: data', 'APPPATH\\Views\\layout\\surat\\template.php', 36, [...])
 2 SYSTEMPATH\View\View.php(213): include('APPPATH\\Views\\layout\\surat\\template.php')
 3 SYSTEMPATH\View\View.php(216): CodeIgniter\View\View->CodeIgniter\View\{closure}()
 4 SYSTEMPATH\View\View.php(229): CodeIgniter\View\View->render('layout/surat/template', [], true)
 5 SYSTEMPATH\Common.php(1142): CodeIgniter\View\View->render('surat/suratmasuk/indexsuratmasuk.php', [], true)
 6 APPPATH\Controllers\SuratMasuk.php(39): view('surat/suratmasuk/indexsuratmasuk.php', [...])
 7 SYSTEMPATH\CodeIgniter.php(904): App\Controllers\SuratMasuk->index()
 8 SYSTEMPATH\CodeIgniter.php(457): CodeIgniter\CodeIgniter->runController(Object(App\Controllers\SuratMasuk))
 9 SYSTEMPATH\CodeIgniter.php(340): CodeIgniter\CodeIgniter->handleRequest(null, Object(Config\Cache), false)
10 FCPATH\index.php(67): CodeIgniter\CodeIgniter->run()
