ERROR - 2022-09-29 20:57:50 --> Error connecting to the database: mysqli_sql_exception: No connection could be made because the target machine actively refused it.
 in F:\XAMPP\htdocs\sisuar\system\Database\MySQLi\Connection.php:171
Stack trace:
#0 F:\XAMPP\htdocs\sisuar\system\Database\MySQLi\Connection.php(171): mysqli->real_connect('localhost', 'root', '', 'suratarsip', 3306, '', 0)
#1 F:\XAMPP\htdocs\sisuar\system\Database\BaseConnection.php(382): CodeIgniter\Database\MySQLi\Connection->connect(false)
#2 F:\XAMPP\htdocs\sisuar\system\Database\BaseConnection.php(588): CodeIgniter\Database\BaseConnection->initialize()
#3 F:\XAMPP\htdocs\sisuar\system\Database\BaseBuilder.php(1585): CodeIgniter\Database\BaseConnection->query('SELECT *\nFROM `...', Array, false)
#4 F:\XAMPP\htdocs\sisuar\system\Model.php(223): CodeIgniter\Database\BaseBuilder->get()
#5 F:\XAMPP\htdocs\sisuar\system\BaseModel.php(584): CodeIgniter\Model->doFindAll(0, 0)
#6 F:\XAMPP\htdocs\sisuar\app\Controllers\BerandaSurat.php(26): CodeIgniter\BaseModel->findAll()
#7 F:\XAMPP\htdocs\sisuar\system\CodeIgniter.php(904): App\Controllers\BerandaSurat->index()
#8 F:\XAMPP\htdocs\sisuar\system\CodeIgniter.php(457): CodeIgniter\CodeIgniter->runController(Object(App\Controllers\BerandaSurat))
#9 F:\XAMPP\htdocs\sisuar\system\CodeIgniter.php(340): CodeIgniter\CodeIgniter->handleRequest(NULL, Object(Config\Cache), false)
#10 F:\XAMPP\htdocs\sisuar\public\index.php(67): CodeIgniter\CodeIgniter->run()
#11 {main}

Next CodeIgniter\Database\Exceptions\DatabaseException: No connection could be made because the target machine actively refused it.
 in F:\XAMPP\htdocs\sisuar\system\Database\MySQLi\Connection.php:215
Stack trace:
#0 F:\XAMPP\htdocs\sisuar\system\Database\BaseConnection.php(382): CodeIgniter\Database\MySQLi\Connection->connect(false)
#1 F:\XAMPP\htdocs\sisuar\system\Database\BaseConnection.php(588): CodeIgniter\Database\BaseConnection->initialize()
#2 F:\XAMPP\htdocs\sisuar\system\Database\BaseBuilder.php(1585): CodeIgniter\Database\BaseConnection->query('SELECT *\nFROM `...', Array, false)
#3 F:\XAMPP\htdocs\sisuar\system\Model.php(223): CodeIgniter\Database\BaseBuilder->get()
#4 F:\XAMPP\htdocs\sisuar\system\BaseModel.php(584): CodeIgniter\Model->doFindAll(0, 0)
#5 F:\XAMPP\htdocs\sisuar\app\Controllers\BerandaSurat.php(26): CodeIgniter\BaseModel->findAll()
#6 F:\XAMPP\htdocs\sisuar\system\CodeIgniter.php(904): App\Controllers\BerandaSurat->index()
#7 F:\XAMPP\htdocs\sisuar\system\CodeIgniter.php(457): CodeIgniter\CodeIgniter->runController(Object(App\Controllers\BerandaSurat))
#8 F:\XAMPP\htdocs\sisuar\system\CodeIgniter.php(340): CodeIgniter\CodeIgniter->handleRequest(NULL, Object(Config\Cache), false)
#9 F:\XAMPP\htdocs\sisuar\public\index.php(67): CodeIgniter\CodeIgniter->run()
#10 {main}
CRITICAL - 2022-09-29 20:57:50 --> Unable to connect to the database.
Main connection [MySQLi]: No connection could be made because the target machine actively refused it.

in SYSTEMPATH\Database\BaseConnection.php on line 418.
 1 SYSTEMPATH\Database\BaseConnection.php(588): CodeIgniter\Database\BaseConnection->initialize()
 2 SYSTEMPATH\Database\BaseBuilder.php(1585): CodeIgniter\Database\BaseConnection->query('SELECT *
FROM `surat_masuk`', [], false)
 3 SYSTEMPATH\Model.php(223): CodeIgniter\Database\BaseBuilder->get()
 4 SYSTEMPATH\BaseModel.php(584): CodeIgniter\Model->doFindAll(0, 0)
 5 APPPATH\Controllers\BerandaSurat.php(26): CodeIgniter\BaseModel->findAll()
 6 SYSTEMPATH\CodeIgniter.php(904): App\Controllers\BerandaSurat->index()
 7 SYSTEMPATH\CodeIgniter.php(457): CodeIgniter\CodeIgniter->runController(Object(App\Controllers\BerandaSurat))
 8 SYSTEMPATH\CodeIgniter.php(340): CodeIgniter\CodeIgniter->handleRequest(null, Object(Config\Cache), false)
 9 FCPATH\index.php(67): CodeIgniter\CodeIgniter->run()
CRITICAL - 2022-09-29 21:11:00 --> unlink(asset/pdf/Form KP-2 Ajwa.pdf): No such file or directory
in APPPATH\Controllers\SuratMasuk.php on line 74.
 1 [internal function]: CodeIgniter\Debug\Exceptions->errorHandler(2, 'unlink(asset/pdf/Form KP-2 Ajwa.pdf): No such file or directory', 'APPPATH\\Controllers\\SuratMasuk.php', 74, [...])
 2 APPPATH\Controllers\SuratMasuk.php(74): unlink('asset/pdf/Form KP-2 Ajwa.pdf')
 3 SYSTEMPATH\CodeIgniter.php(904): App\Controllers\SuratMasuk->hapusSuratMasuk('29')
 4 SYSTEMPATH\CodeIgniter.php(457): CodeIgniter\CodeIgniter->runController(Object(App\Controllers\SuratMasuk))
 5 SYSTEMPATH\CodeIgniter.php(340): CodeIgniter\CodeIgniter->handleRequest(null, Object(Config\Cache), false)
 6 FCPATH\index.php(67): CodeIgniter\CodeIgniter->run()
