ERROR - 2022-09-24 23:20:46 --> mysqli_sql_exception: Column 'asal_surat' cannot be null in C:\xampp\htdocs\sisuar\system\Database\MySQLi\Connection.php:292
Stack trace:
#0 C:\xampp\htdocs\sisuar\system\Database\MySQLi\Connection.php(292): mysqli->query('INSERT INTO `su...', 0)
#1 C:\xampp\htdocs\sisuar\system\Database\BaseConnection.php(693): CodeIgniter\Database\MySQLi\Connection->execute('INSERT INTO `su...')
#2 C:\xampp\htdocs\sisuar\system\Database\BaseConnection.php(620): CodeIgniter\Database\BaseConnection->simpleQuery('INSERT INTO `su...')
#3 C:\xampp\htdocs\sisuar\system\Database\BaseBuilder.php(1916): CodeIgniter\Database\BaseConnection->query('INSERT INTO `su...', Array, false)
#4 C:\xampp\htdocs\sisuar\system\Model.php(279): CodeIgniter\Database\BaseBuilder->insert()
#5 C:\xampp\htdocs\sisuar\system\BaseModel.php(738): CodeIgniter\Model->doInsert(Array)
#6 C:\xampp\htdocs\sisuar\system\Model.php(667): CodeIgniter\BaseModel->insert(Array, false)
#7 C:\xampp\htdocs\sisuar\system\BaseModel.php(658): CodeIgniter\Model->insert(Array, false)
#8 C:\xampp\htdocs\sisuar\app\Controllers\SuratMasuk.php(59): CodeIgniter\BaseModel->save(Array)
#9 C:\xampp\htdocs\sisuar\system\CodeIgniter.php(904): App\Controllers\SuratMasuk->tambahSuratMasuk()
#10 C:\xampp\htdocs\sisuar\system\CodeIgniter.php(457): CodeIgniter\CodeIgniter->runController(Object(App\Controllers\SuratMasuk))
#11 C:\xampp\htdocs\sisuar\system\CodeIgniter.php(340): CodeIgniter\CodeIgniter->handleRequest(NULL, Object(Config\Cache), false)
#12 C:\xampp\htdocs\sisuar\public\index.php(67): CodeIgniter\CodeIgniter->run()
#13 {main}
CRITICAL - 2022-09-24 23:20:46 --> Column 'asal_surat' cannot be null
in SYSTEMPATH\Database\MySQLi\Connection.php on line 292.
 1 SYSTEMPATH\Database\MySQLi\Connection.php(292): mysqli->query('INSERT INTO `surat_masuk` (`no_surat`, `asal_surat`, `tujuan_surat`, `perihal`, `tanggal_masuk`, `isi_ringkas`, `ket_surat`, `alasan`, `jenis_surat`, `file`) VALUES (\'coba 123\', NULL, NULL, NULL, NULL, \'asdsad\', NULL, NULL, \'Masuk\', \'KHS.pdf\')', 0)
 2 SYSTEMPATH\Database\BaseConnection.php(693): CodeIgniter\Database\MySQLi\Connection->execute('INSERT INTO `surat_masuk` (`no_surat`, `asal_surat`, `tujuan_surat`, `perihal`, `tanggal_masuk`, `isi_ringkas`, `ket_surat`, `alasan`, `jenis_surat`, `file`) VALUES (\'coba 123\', NULL, NULL, NULL, NULL, \'asdsad\', NULL, NULL, \'Masuk\', \'KHS.pdf\')')
 3 SYSTEMPATH\Database\BaseConnection.php(620): CodeIgniter\Database\BaseConnection->simpleQuery('INSERT INTO `surat_masuk` (`no_surat`, `asal_surat`, `tujuan_surat`, `perihal`, `tanggal_masuk`, `isi_ringkas`, `ket_surat`, `alasan`, `jenis_surat`, `file`) VALUES (\'coba 123\', NULL, NULL, NULL, NULL, \'asdsad\', NULL, NULL, \'Masuk\', \'KHS.pdf\')')
 4 SYSTEMPATH\Database\BaseBuilder.php(1916): CodeIgniter\Database\BaseConnection->query('INSERT INTO `surat_masuk` (`no_surat`, `asal_surat`, `tujuan_surat`, `perihal`, `tanggal_masuk`, `isi_ringkas`, `ket_surat`, `alasan`, `jenis_surat`, `file`) VALUES (:no_surat:, :asal_surat:, :tujuan_surat:, :perihal:, :tanggal_masuk:, :isi_ringkas:, :ket_surat:, :alasan:, :jenis_surat:, :file:)', [...], false)
 5 SYSTEMPATH\Model.php(279): CodeIgniter\Database\BaseBuilder->insert()
 6 SYSTEMPATH\BaseModel.php(738): CodeIgniter\Model->doInsert([...])
 7 SYSTEMPATH\Model.php(667): CodeIgniter\BaseModel->insert([...], false)
 8 SYSTEMPATH\BaseModel.php(658): CodeIgniter\Model->insert([...], false)
 9 APPPATH\Controllers\SuratMasuk.php(59): CodeIgniter\BaseModel->save([...])
10 SYSTEMPATH\CodeIgniter.php(904): App\Controllers\SuratMasuk->tambahSuratMasuk()
11 SYSTEMPATH\CodeIgniter.php(457): CodeIgniter\CodeIgniter->runController(Object(App\Controllers\SuratMasuk))
12 SYSTEMPATH\CodeIgniter.php(340): CodeIgniter\CodeIgniter->handleRequest(null, Object(Config\Cache), false)
13 FCPATH\index.php(67): CodeIgniter\CodeIgniter->run()
ERROR - 2022-09-24 23:23:11 --> mysqli_sql_exception: Column 'beban_biaya' cannot be null in C:\xampp\htdocs\sisuar\system\Database\MySQLi\Connection.php:292
Stack trace:
#0 C:\xampp\htdocs\sisuar\system\Database\MySQLi\Connection.php(292): mysqli->query('INSERT INTO `su...', 0)
#1 C:\xampp\htdocs\sisuar\system\Database\BaseConnection.php(693): CodeIgniter\Database\MySQLi\Connection->execute('INSERT INTO `su...')
#2 C:\xampp\htdocs\sisuar\system\Database\BaseConnection.php(620): CodeIgniter\Database\BaseConnection->simpleQuery('INSERT INTO `su...')
#3 C:\xampp\htdocs\sisuar\system\Database\BaseBuilder.php(1916): CodeIgniter\Database\BaseConnection->query('INSERT INTO `su...', Array, false)
#4 C:\xampp\htdocs\sisuar\system\Model.php(279): CodeIgniter\Database\BaseBuilder->insert()
#5 C:\xampp\htdocs\sisuar\system\BaseModel.php(738): CodeIgniter\Model->doInsert(Array)
#6 C:\xampp\htdocs\sisuar\system\Model.php(667): CodeIgniter\BaseModel->insert(Array, false)
#7 C:\xampp\htdocs\sisuar\system\BaseModel.php(658): CodeIgniter\Model->insert(Array, false)
#8 C:\xampp\htdocs\sisuar\app\Controllers\SuratTugas.php(50): CodeIgniter\BaseModel->save(Array)
#9 C:\xampp\htdocs\sisuar\system\CodeIgniter.php(904): App\Controllers\SuratTugas->tambahSuratTugas()
#10 C:\xampp\htdocs\sisuar\system\CodeIgniter.php(457): CodeIgniter\CodeIgniter->runController(Object(App\Controllers\SuratTugas))
#11 C:\xampp\htdocs\sisuar\system\CodeIgniter.php(340): CodeIgniter\CodeIgniter->handleRequest(NULL, Object(Config\Cache), false)
#12 C:\xampp\htdocs\sisuar\public\index.php(67): CodeIgniter\CodeIgniter->run()
#13 {main}
CRITICAL - 2022-09-24 23:23:11 --> Column 'beban_biaya' cannot be null
in SYSTEMPATH\Database\MySQLi\Connection.php on line 292.
 1 SYSTEMPATH\Database\MySQLi\Connection.php(292): mysqli->query('INSERT INTO `surat_Tugas` (`no_surat`, `keperluan`, `tempat_tujuan`, `tanggal_mulai`, `tanggal_selesai`, `beban_biaya`, `tgl_rilis`, `jenis_surat`, `file`) VALUES (\'coba 123\', \'sadsa\', \'dsad\', \'2022-09-09\', \'2022-09-04\', NULL, NULL, \'Tugas\', \'KHS.pdf\')', 0)
 2 SYSTEMPATH\Database\BaseConnection.php(693): CodeIgniter\Database\MySQLi\Connection->execute('INSERT INTO `surat_Tugas` (`no_surat`, `keperluan`, `tempat_tujuan`, `tanggal_mulai`, `tanggal_selesai`, `beban_biaya`, `tgl_rilis`, `jenis_surat`, `file`) VALUES (\'coba 123\', \'sadsa\', \'dsad\', \'2022-09-09\', \'2022-09-04\', NULL, NULL, \'Tugas\', \'KHS.pdf\')')
 3 SYSTEMPATH\Database\BaseConnection.php(620): CodeIgniter\Database\BaseConnection->simpleQuery('INSERT INTO `surat_Tugas` (`no_surat`, `keperluan`, `tempat_tujuan`, `tanggal_mulai`, `tanggal_selesai`, `beban_biaya`, `tgl_rilis`, `jenis_surat`, `file`) VALUES (\'coba 123\', \'sadsa\', \'dsad\', \'2022-09-09\', \'2022-09-04\', NULL, NULL, \'Tugas\', \'KHS.pdf\')')
 4 SYSTEMPATH\Database\BaseBuilder.php(1916): CodeIgniter\Database\BaseConnection->query('INSERT INTO `surat_Tugas` (`no_surat`, `keperluan`, `tempat_tujuan`, `tanggal_mulai`, `tanggal_selesai`, `beban_biaya`, `tgl_rilis`, `jenis_surat`, `file`) VALUES (:no_surat:, :keperluan:, :tempat_tujuan:, :tanggal_mulai:, :tanggal_selesai:, :beban_biaya:, :tgl_rilis:, :jenis_surat:, :file:)', [...], false)
 5 SYSTEMPATH\Model.php(279): CodeIgniter\Database\BaseBuilder->insert()
 6 SYSTEMPATH\BaseModel.php(738): CodeIgniter\Model->doInsert([...])
 7 SYSTEMPATH\Model.php(667): CodeIgniter\BaseModel->insert([...], false)
 8 SYSTEMPATH\BaseModel.php(658): CodeIgniter\Model->insert([...], false)
 9 APPPATH\Controllers\SuratTugas.php(50): CodeIgniter\BaseModel->save([...])
10 SYSTEMPATH\CodeIgniter.php(904): App\Controllers\SuratTugas->tambahSuratTugas()
11 SYSTEMPATH\CodeIgniter.php(457): CodeIgniter\CodeIgniter->runController(Object(App\Controllers\SuratTugas))
12 SYSTEMPATH\CodeIgniter.php(340): CodeIgniter\CodeIgniter->handleRequest(null, Object(Config\Cache), false)
13 FCPATH\index.php(67): CodeIgniter\CodeIgniter->run()
ERROR - 2022-09-24 23:23:40 --> mysqli_sql_exception: Column 'beban_biaya' cannot be null in C:\xampp\htdocs\sisuar\system\Database\MySQLi\Connection.php:292
Stack trace:
#0 C:\xampp\htdocs\sisuar\system\Database\MySQLi\Connection.php(292): mysqli->query('INSERT INTO `su...', 0)
#1 C:\xampp\htdocs\sisuar\system\Database\BaseConnection.php(693): CodeIgniter\Database\MySQLi\Connection->execute('INSERT INTO `su...')
#2 C:\xampp\htdocs\sisuar\system\Database\BaseConnection.php(620): CodeIgniter\Database\BaseConnection->simpleQuery('INSERT INTO `su...')
#3 C:\xampp\htdocs\sisuar\system\Database\BaseBuilder.php(1916): CodeIgniter\Database\BaseConnection->query('INSERT INTO `su...', Array, false)
#4 C:\xampp\htdocs\sisuar\system\Model.php(279): CodeIgniter\Database\BaseBuilder->insert()
#5 C:\xampp\htdocs\sisuar\system\BaseModel.php(738): CodeIgniter\Model->doInsert(Array)
#6 C:\xampp\htdocs\sisuar\system\Model.php(667): CodeIgniter\BaseModel->insert(Array, false)
#7 C:\xampp\htdocs\sisuar\system\BaseModel.php(658): CodeIgniter\Model->insert(Array, false)
#8 C:\xampp\htdocs\sisuar\app\Controllers\SuratTugas.php(50): CodeIgniter\BaseModel->save(Array)
#9 C:\xampp\htdocs\sisuar\system\CodeIgniter.php(904): App\Controllers\SuratTugas->tambahSuratTugas()
#10 C:\xampp\htdocs\sisuar\system\CodeIgniter.php(457): CodeIgniter\CodeIgniter->runController(Object(App\Controllers\SuratTugas))
#11 C:\xampp\htdocs\sisuar\system\CodeIgniter.php(340): CodeIgniter\CodeIgniter->handleRequest(NULL, Object(Config\Cache), false)
#12 C:\xampp\htdocs\sisuar\public\index.php(67): CodeIgniter\CodeIgniter->run()
#13 {main}
CRITICAL - 2022-09-24 23:23:40 --> Column 'beban_biaya' cannot be null
in SYSTEMPATH\Database\MySQLi\Connection.php on line 292.
 1 SYSTEMPATH\Database\MySQLi\Connection.php(292): mysqli->query('INSERT INTO `surat_Tugas` (`no_surat`, `keperluan`, `tempat_tujuan`, `tanggal_mulai`, `tanggal_selesai`, `beban_biaya`, `tgl_rilis`, `jenis_surat`, `file`) VALUES (\'coba 123\', \'sadsa\', \'dsad\', \'2022-09-09\', \'2022-09-04\', NULL, NULL, \'Tugas\', \'KHS.pdf\')', 0)
 2 SYSTEMPATH\Database\BaseConnection.php(693): CodeIgniter\Database\MySQLi\Connection->execute('INSERT INTO `surat_Tugas` (`no_surat`, `keperluan`, `tempat_tujuan`, `tanggal_mulai`, `tanggal_selesai`, `beban_biaya`, `tgl_rilis`, `jenis_surat`, `file`) VALUES (\'coba 123\', \'sadsa\', \'dsad\', \'2022-09-09\', \'2022-09-04\', NULL, NULL, \'Tugas\', \'KHS.pdf\')')
 3 SYSTEMPATH\Database\BaseConnection.php(620): CodeIgniter\Database\BaseConnection->simpleQuery('INSERT INTO `surat_Tugas` (`no_surat`, `keperluan`, `tempat_tujuan`, `tanggal_mulai`, `tanggal_selesai`, `beban_biaya`, `tgl_rilis`, `jenis_surat`, `file`) VALUES (\'coba 123\', \'sadsa\', \'dsad\', \'2022-09-09\', \'2022-09-04\', NULL, NULL, \'Tugas\', \'KHS.pdf\')')
 4 SYSTEMPATH\Database\BaseBuilder.php(1916): CodeIgniter\Database\BaseConnection->query('INSERT INTO `surat_Tugas` (`no_surat`, `keperluan`, `tempat_tujuan`, `tanggal_mulai`, `tanggal_selesai`, `beban_biaya`, `tgl_rilis`, `jenis_surat`, `file`) VALUES (:no_surat:, :keperluan:, :tempat_tujuan:, :tanggal_mulai:, :tanggal_selesai:, :beban_biaya:, :tgl_rilis:, :jenis_surat:, :file:)', [...], false)
 5 SYSTEMPATH\Model.php(279): CodeIgniter\Database\BaseBuilder->insert()
 6 SYSTEMPATH\BaseModel.php(738): CodeIgniter\Model->doInsert([...])
 7 SYSTEMPATH\Model.php(667): CodeIgniter\BaseModel->insert([...], false)
 8 SYSTEMPATH\BaseModel.php(658): CodeIgniter\Model->insert([...], false)
 9 APPPATH\Controllers\SuratTugas.php(50): CodeIgniter\BaseModel->save([...])
10 SYSTEMPATH\CodeIgniter.php(904): App\Controllers\SuratTugas->tambahSuratTugas()
11 SYSTEMPATH\CodeIgniter.php(457): CodeIgniter\CodeIgniter->runController(Object(App\Controllers\SuratTugas))
12 SYSTEMPATH\CodeIgniter.php(340): CodeIgniter\CodeIgniter->handleRequest(null, Object(Config\Cache), false)
13 FCPATH\index.php(67): CodeIgniter\CodeIgniter->run()
ERROR - 2022-09-24 23:23:59 --> mysqli_sql_exception: Column 'tgl_rilis' cannot be null in C:\xampp\htdocs\sisuar\system\Database\MySQLi\Connection.php:292
Stack trace:
#0 C:\xampp\htdocs\sisuar\system\Database\MySQLi\Connection.php(292): mysqli->query('INSERT INTO `su...', 0)
#1 C:\xampp\htdocs\sisuar\system\Database\BaseConnection.php(693): CodeIgniter\Database\MySQLi\Connection->execute('INSERT INTO `su...')
#2 C:\xampp\htdocs\sisuar\system\Database\BaseConnection.php(620): CodeIgniter\Database\BaseConnection->simpleQuery('INSERT INTO `su...')
#3 C:\xampp\htdocs\sisuar\system\Database\BaseBuilder.php(1916): CodeIgniter\Database\BaseConnection->query('INSERT INTO `su...', Array, false)
#4 C:\xampp\htdocs\sisuar\system\Model.php(279): CodeIgniter\Database\BaseBuilder->insert()
#5 C:\xampp\htdocs\sisuar\system\BaseModel.php(738): CodeIgniter\Model->doInsert(Array)
#6 C:\xampp\htdocs\sisuar\system\Model.php(667): CodeIgniter\BaseModel->insert(Array, false)
#7 C:\xampp\htdocs\sisuar\system\BaseModel.php(658): CodeIgniter\Model->insert(Array, false)
#8 C:\xampp\htdocs\sisuar\app\Controllers\SuratTugas.php(50): CodeIgniter\BaseModel->save(Array)
#9 C:\xampp\htdocs\sisuar\system\CodeIgniter.php(904): App\Controllers\SuratTugas->tambahSuratTugas()
#10 C:\xampp\htdocs\sisuar\system\CodeIgniter.php(457): CodeIgniter\CodeIgniter->runController(Object(App\Controllers\SuratTugas))
#11 C:\xampp\htdocs\sisuar\system\CodeIgniter.php(340): CodeIgniter\CodeIgniter->handleRequest(NULL, Object(Config\Cache), false)
#12 C:\xampp\htdocs\sisuar\public\index.php(67): CodeIgniter\CodeIgniter->run()
#13 {main}
CRITICAL - 2022-09-24 23:23:59 --> Column 'tgl_rilis' cannot be null
in SYSTEMPATH\Database\MySQLi\Connection.php on line 292.
 1 SYSTEMPATH\Database\MySQLi\Connection.php(292): mysqli->query('INSERT INTO `surat_Tugas` (`no_surat`, `keperluan`, `tempat_tujuan`, `tanggal_mulai`, `tanggal_selesai`, `beban_biaya`, `tgl_rilis`, `jenis_surat`, `file`) VALUES (\'coba 123\', \'sadsa\', \'dsad\', \'2022-09-16\', \'2022-09-22\', \'sas\', NULL, \'Tugas\', \'KRS.pdf\')', 0)
 2 SYSTEMPATH\Database\BaseConnection.php(693): CodeIgniter\Database\MySQLi\Connection->execute('INSERT INTO `surat_Tugas` (`no_surat`, `keperluan`, `tempat_tujuan`, `tanggal_mulai`, `tanggal_selesai`, `beban_biaya`, `tgl_rilis`, `jenis_surat`, `file`) VALUES (\'coba 123\', \'sadsa\', \'dsad\', \'2022-09-16\', \'2022-09-22\', \'sas\', NULL, \'Tugas\', \'KRS.pdf\')')
 3 SYSTEMPATH\Database\BaseConnection.php(620): CodeIgniter\Database\BaseConnection->simpleQuery('INSERT INTO `surat_Tugas` (`no_surat`, `keperluan`, `tempat_tujuan`, `tanggal_mulai`, `tanggal_selesai`, `beban_biaya`, `tgl_rilis`, `jenis_surat`, `file`) VALUES (\'coba 123\', \'sadsa\', \'dsad\', \'2022-09-16\', \'2022-09-22\', \'sas\', NULL, \'Tugas\', \'KRS.pdf\')')
 4 SYSTEMPATH\Database\BaseBuilder.php(1916): CodeIgniter\Database\BaseConnection->query('INSERT INTO `surat_Tugas` (`no_surat`, `keperluan`, `tempat_tujuan`, `tanggal_mulai`, `tanggal_selesai`, `beban_biaya`, `tgl_rilis`, `jenis_surat`, `file`) VALUES (:no_surat:, :keperluan:, :tempat_tujuan:, :tanggal_mulai:, :tanggal_selesai:, :beban_biaya:, :tgl_rilis:, :jenis_surat:, :file:)', [...], false)
 5 SYSTEMPATH\Model.php(279): CodeIgniter\Database\BaseBuilder->insert()
 6 SYSTEMPATH\BaseModel.php(738): CodeIgniter\Model->doInsert([...])
 7 SYSTEMPATH\Model.php(667): CodeIgniter\BaseModel->insert([...], false)
 8 SYSTEMPATH\BaseModel.php(658): CodeIgniter\Model->insert([...], false)
 9 APPPATH\Controllers\SuratTugas.php(50): CodeIgniter\BaseModel->save([...])
10 SYSTEMPATH\CodeIgniter.php(904): App\Controllers\SuratTugas->tambahSuratTugas()
11 SYSTEMPATH\CodeIgniter.php(457): CodeIgniter\CodeIgniter->runController(Object(App\Controllers\SuratTugas))
12 SYSTEMPATH\CodeIgniter.php(340): CodeIgniter\CodeIgniter->handleRequest(null, Object(Config\Cache), false)
13 FCPATH\index.php(67): CodeIgniter\CodeIgniter->run()
CRITICAL - 2022-09-24 23:24:57 --> Too few arguments to function App\Controllers\SuratTugas::edit(), 0 passed in C:\xampp\htdocs\sisuar\system\CodeIgniter.php on line 904 and exactly 1 expected
in APPPATH\Controllers\SuratTugas.php on line 63.
 1 SYSTEMPATH\CodeIgniter.php(904): App\Controllers\SuratTugas->edit()
 2 SYSTEMPATH\CodeIgniter.php(457): CodeIgniter\CodeIgniter->runController(Object(App\Controllers\SuratTugas))
 3 SYSTEMPATH\CodeIgniter.php(340): CodeIgniter\CodeIgniter->handleRequest(null, Object(Config\Cache), false)
 4 FCPATH\index.php(67): CodeIgniter\CodeIgniter->run()
CRITICAL - 2022-09-24 23:28:46 --> The original file is not a valid file.
in SYSTEMPATH\HTTP\Files\UploadedFile.php on line 137.
 1 SYSTEMPATH\HTTP\Files\UploadedFile.php(137): CodeIgniter\HTTP\Exceptions\HTTPException::forInvalidFile()
 2 APPPATH\Controllers\BerandaSurat.php(40): CodeIgniter\HTTP\Files\UploadedFile->move('FCPATH\\asset\\pdf', 'ROOTPATH\\public')
 3 SYSTEMPATH\CodeIgniter.php(904): App\Controllers\BerandaSurat->tambahSuratMasukDashboard()
 4 SYSTEMPATH\CodeIgniter.php(457): CodeIgniter\CodeIgniter->runController(Object(App\Controllers\BerandaSurat))
 5 SYSTEMPATH\CodeIgniter.php(340): CodeIgniter\CodeIgniter->handleRequest(null, Object(Config\Cache), false)
 6 FCPATH\index.php(67): CodeIgniter\CodeIgniter->run()
CRITICAL - 2022-09-24 23:34:55 --> The original file is not a valid file.
in SYSTEMPATH\HTTP\Files\UploadedFile.php on line 137.
 1 SYSTEMPATH\HTTP\Files\UploadedFile.php(137): CodeIgniter\HTTP\Exceptions\HTTPException::forInvalidFile()
 2 APPPATH\Controllers\BerandaSurat.php(61): CodeIgniter\HTTP\Files\UploadedFile->move('FCPATH\\asset\\pdf', 'ROOTPATH\\public')
 3 SYSTEMPATH\CodeIgniter.php(904): App\Controllers\BerandaSurat->tambahSuratKeluarDashboard()
 4 SYSTEMPATH\CodeIgniter.php(457): CodeIgniter\CodeIgniter->runController(Object(App\Controllers\BerandaSurat))
 5 SYSTEMPATH\CodeIgniter.php(340): CodeIgniter\CodeIgniter->handleRequest(null, Object(Config\Cache), false)
 6 FCPATH\index.php(67): CodeIgniter\CodeIgniter->run()
CRITICAL - 2022-09-24 23:35:26 --> The original file is not a valid file.
in SYSTEMPATH\HTTP\Files\UploadedFile.php on line 137.
 1 SYSTEMPATH\HTTP\Files\UploadedFile.php(137): CodeIgniter\HTTP\Exceptions\HTTPException::forInvalidFile()
 2 APPPATH\Controllers\BerandaSurat.php(61): CodeIgniter\HTTP\Files\UploadedFile->move('FCPATH\\asset\\pdf', 'ROOTPATH\\public')
 3 SYSTEMPATH\CodeIgniter.php(904): App\Controllers\BerandaSurat->tambahSuratKeluarDashboard()
 4 SYSTEMPATH\CodeIgniter.php(457): CodeIgniter\CodeIgniter->runController(Object(App\Controllers\BerandaSurat))
 5 SYSTEMPATH\CodeIgniter.php(340): CodeIgniter\CodeIgniter->handleRequest(null, Object(Config\Cache), false)
 6 FCPATH\index.php(67): CodeIgniter\CodeIgniter->run()
CRITICAL - 2022-09-24 23:35:29 --> The original file is not a valid file.
in SYSTEMPATH\HTTP\Files\UploadedFile.php on line 137.
 1 SYSTEMPATH\HTTP\Files\UploadedFile.php(137): CodeIgniter\HTTP\Exceptions\HTTPException::forInvalidFile()
 2 APPPATH\Controllers\BerandaSurat.php(61): CodeIgniter\HTTP\Files\UploadedFile->move('FCPATH\\asset\\pdf', 'ROOTPATH\\public')
 3 SYSTEMPATH\CodeIgniter.php(904): App\Controllers\BerandaSurat->tambahSuratKeluarDashboard()
 4 SYSTEMPATH\CodeIgniter.php(457): CodeIgniter\CodeIgniter->runController(Object(App\Controllers\BerandaSurat))
 5 SYSTEMPATH\CodeIgniter.php(340): CodeIgniter\CodeIgniter->handleRequest(null, Object(Config\Cache), false)
 6 FCPATH\index.php(67): CodeIgniter\CodeIgniter->run()
CRITICAL - 2022-09-24 23:36:42 --> The original file is not a valid file.
in SYSTEMPATH\HTTP\Files\UploadedFile.php on line 137.
 1 SYSTEMPATH\HTTP\Files\UploadedFile.php(137): CodeIgniter\HTTP\Exceptions\HTTPException::forInvalidFile()
 2 APPPATH\Controllers\BerandaSurat.php(61): CodeIgniter\HTTP\Files\UploadedFile->move('FCPATH\\asset\\pdf', 'ROOTPATH\\public')
 3 SYSTEMPATH\CodeIgniter.php(904): App\Controllers\BerandaSurat->tambahSuratKeluarDashboard()
 4 SYSTEMPATH\CodeIgniter.php(457): CodeIgniter\CodeIgniter->runController(Object(App\Controllers\BerandaSurat))
 5 SYSTEMPATH\CodeIgniter.php(340): CodeIgniter\CodeIgniter->handleRequest(null, Object(Config\Cache), false)
 6 FCPATH\index.php(67): CodeIgniter\CodeIgniter->run()
CRITICAL - 2022-09-24 23:39:15 --> The original file is not a valid file.
in SYSTEMPATH\HTTP\Files\UploadedFile.php on line 137.
 1 SYSTEMPATH\HTTP\Files\UploadedFile.php(137): CodeIgniter\HTTP\Exceptions\HTTPException::forInvalidFile()
 2 APPPATH\Controllers\BerandaSurat.php(61): CodeIgniter\HTTP\Files\UploadedFile->move('FCPATH\\asset\\pdf', 'ROOTPATH\\public')
 3 SYSTEMPATH\CodeIgniter.php(904): App\Controllers\BerandaSurat->tambahSuratKeluarDashboard()
 4 SYSTEMPATH\CodeIgniter.php(457): CodeIgniter\CodeIgniter->runController(Object(App\Controllers\BerandaSurat))
 5 SYSTEMPATH\CodeIgniter.php(340): CodeIgniter\CodeIgniter->handleRequest(null, Object(Config\Cache), false)
 6 FCPATH\index.php(67): CodeIgniter\CodeIgniter->run()
