CRITICAL - 2022-09-06 20:23:42 --> Call to a member function findAll() on null
in APPPATH\Controllers\SuratMasuk.php on line 18.
 1 SYSTEMPATH\CodeIgniter.php(904): App\Controllers\SuratMasuk->index()
 2 SYSTEMPATH\CodeIgniter.php(457): CodeIgniter\CodeIgniter->runController(Object(App\Controllers\SuratMasuk))
 3 SYSTEMPATH\CodeIgniter.php(340): CodeIgniter\CodeIgniter->handleRequest(null, Object(Config\Cache), false)
 4 FCPATH\index.php(67): CodeIgniter\CodeIgniter->run()
CRITICAL - 2022-09-06 20:24:19 --> Call to a member function findAll() on null
in APPPATH\Controllers\SuratMasuk.php on line 18.
 1 SYSTEMPATH\CodeIgniter.php(904): App\Controllers\SuratMasuk->index()
 2 SYSTEMPATH\CodeIgniter.php(457): CodeIgniter\CodeIgniter->runController(Object(App\Controllers\SuratMasuk))
 3 SYSTEMPATH\CodeIgniter.php(340): CodeIgniter\CodeIgniter->handleRequest(null, Object(Config\Cache), false)
 4 FCPATH\index.php(67): CodeIgniter\CodeIgniter->run()
CRITICAL - 2022-09-06 20:24:20 --> Call to a member function findAll() on null
in APPPATH\Controllers\SuratMasuk.php on line 18.
 1 SYSTEMPATH\CodeIgniter.php(904): App\Controllers\SuratMasuk->index()
 2 SYSTEMPATH\CodeIgniter.php(457): CodeIgniter\CodeIgniter->runController(Object(App\Controllers\SuratMasuk))
 3 SYSTEMPATH\CodeIgniter.php(340): CodeIgniter\CodeIgniter->handleRequest(null, Object(Config\Cache), false)
 4 FCPATH\index.php(67): CodeIgniter\CodeIgniter->run()
CRITICAL - 2022-09-06 20:24:20 --> Call to a member function findAll() on null
in APPPATH\Controllers\SuratMasuk.php on line 18.
 1 SYSTEMPATH\CodeIgniter.php(904): App\Controllers\SuratMasuk->index()
 2 SYSTEMPATH\CodeIgniter.php(457): CodeIgniter\CodeIgniter->runController(Object(App\Controllers\SuratMasuk))
 3 SYSTEMPATH\CodeIgniter.php(340): CodeIgniter\CodeIgniter->handleRequest(null, Object(Config\Cache), false)
 4 FCPATH\index.php(67): CodeIgniter\CodeIgniter->run()
CRITICAL - 2022-09-06 20:24:31 --> Call to a member function findAll() on null
in APPPATH\Controllers\SuratMasuk.php on line 18.
 1 SYSTEMPATH\CodeIgniter.php(904): App\Controllers\SuratMasuk->index()
 2 SYSTEMPATH\CodeIgniter.php(457): CodeIgniter\CodeIgniter->runController(Object(App\Controllers\SuratMasuk))
 3 SYSTEMPATH\CodeIgniter.php(340): CodeIgniter\CodeIgniter->handleRequest(null, Object(Config\Cache), false)
 4 FCPATH\index.php(67): CodeIgniter\CodeIgniter->run()
CRITICAL - 2022-09-06 20:24:32 --> Call to a member function findAll() on null
in APPPATH\Controllers\SuratMasuk.php on line 18.
 1 SYSTEMPATH\CodeIgniter.php(904): App\Controllers\SuratMasuk->index()
 2 SYSTEMPATH\CodeIgniter.php(457): CodeIgniter\CodeIgniter->runController(Object(App\Controllers\SuratMasuk))
 3 SYSTEMPATH\CodeIgniter.php(340): CodeIgniter\CodeIgniter->handleRequest(null, Object(Config\Cache), false)
 4 FCPATH\index.php(67): CodeIgniter\CodeIgniter->run()
CRITICAL - 2022-09-06 20:24:32 --> Call to a member function findAll() on null
in APPPATH\Controllers\SuratMasuk.php on line 18.
 1 SYSTEMPATH\CodeIgniter.php(904): App\Controllers\SuratMasuk->index()
 2 SYSTEMPATH\CodeIgniter.php(457): CodeIgniter\CodeIgniter->runController(Object(App\Controllers\SuratMasuk))
 3 SYSTEMPATH\CodeIgniter.php(340): CodeIgniter\CodeIgniter->handleRequest(null, Object(Config\Cache), false)
 4 FCPATH\index.php(67): CodeIgniter\CodeIgniter->run()
CRITICAL - 2022-09-06 20:26:01 --> Call to a member function findAll() on null
in APPPATH\Controllers\SuratMasuk.php on line 18.
 1 SYSTEMPATH\CodeIgniter.php(904): App\Controllers\SuratMasuk->index()
 2 SYSTEMPATH\CodeIgniter.php(457): CodeIgniter\CodeIgniter->runController(Object(App\Controllers\SuratMasuk))
 3 SYSTEMPATH\CodeIgniter.php(340): CodeIgniter\CodeIgniter->handleRequest(null, Object(Config\Cache), false)
 4 FCPATH\index.php(67): CodeIgniter\CodeIgniter->run()
CRITICAL - 2022-09-06 20:26:04 --> Call to a member function findAll() on null
in APPPATH\Controllers\SuratMasuk.php on line 18.
 1 SYSTEMPATH\CodeIgniter.php(904): App\Controllers\SuratMasuk->index()
 2 SYSTEMPATH\CodeIgniter.php(457): CodeIgniter\CodeIgniter->runController(Object(App\Controllers\SuratMasuk))
 3 SYSTEMPATH\CodeIgniter.php(340): CodeIgniter\CodeIgniter->handleRequest(null, Object(Config\Cache), false)
 4 FCPATH\index.php(67): CodeIgniter\CodeIgniter->run()
CRITICAL - 2022-09-06 20:26:04 --> Call to a member function findAll() on null
in APPPATH\Controllers\SuratMasuk.php on line 18.
 1 SYSTEMPATH\CodeIgniter.php(904): App\Controllers\SuratMasuk->index()
 2 SYSTEMPATH\CodeIgniter.php(457): CodeIgniter\CodeIgniter->runController(Object(App\Controllers\SuratMasuk))
 3 SYSTEMPATH\CodeIgniter.php(340): CodeIgniter\CodeIgniter->handleRequest(null, Object(Config\Cache), false)
 4 FCPATH\index.php(67): CodeIgniter\CodeIgniter->run()
CRITICAL - 2022-09-06 20:26:04 --> Call to a member function findAll() on null
in APPPATH\Controllers\SuratMasuk.php on line 18.
 1 SYSTEMPATH\CodeIgniter.php(904): App\Controllers\SuratMasuk->index()
 2 SYSTEMPATH\CodeIgniter.php(457): CodeIgniter\CodeIgniter->runController(Object(App\Controllers\SuratMasuk))
 3 SYSTEMPATH\CodeIgniter.php(340): CodeIgniter\CodeIgniter->handleRequest(null, Object(Config\Cache), false)
 4 FCPATH\index.php(67): CodeIgniter\CodeIgniter->run()
CRITICAL - 2022-09-06 20:26:04 --> Call to a member function findAll() on null
in APPPATH\Controllers\SuratMasuk.php on line 18.
 1 SYSTEMPATH\CodeIgniter.php(904): App\Controllers\SuratMasuk->index()
 2 SYSTEMPATH\CodeIgniter.php(457): CodeIgniter\CodeIgniter->runController(Object(App\Controllers\SuratMasuk))
 3 SYSTEMPATH\CodeIgniter.php(340): CodeIgniter\CodeIgniter->handleRequest(null, Object(Config\Cache), false)
 4 FCPATH\index.php(67): CodeIgniter\CodeIgniter->run()
CRITICAL - 2022-09-06 20:28:16 --> Class 'App\Models\SuratMasukModels' not found
in APPPATH\Controllers\SuratMasuk.php on line 13.
 1 SYSTEMPATH\CodeIgniter.php(866): App\Controllers\SuratMasuk->__construct()
 2 SYSTEMPATH\CodeIgniter.php(448): CodeIgniter\CodeIgniter->createController()
 3 SYSTEMPATH\CodeIgniter.php(340): CodeIgniter\CodeIgniter->handleRequest(null, Object(Config\Cache), false)
 4 FCPATH\index.php(67): CodeIgniter\CodeIgniter->run()
CRITICAL - 2022-09-06 20:28:16 --> Class 'App\Models\SuratMasukModels' not found
in APPPATH\Controllers\SuratMasuk.php on line 13.
 1 SYSTEMPATH\CodeIgniter.php(866): App\Controllers\SuratMasuk->__construct()
 2 SYSTEMPATH\CodeIgniter.php(448): CodeIgniter\CodeIgniter->createController()
 3 SYSTEMPATH\CodeIgniter.php(340): CodeIgniter\CodeIgniter->handleRequest(null, Object(Config\Cache), false)
 4 FCPATH\index.php(67): CodeIgniter\CodeIgniter->run()
CRITICAL - 2022-09-06 20:28:17 --> Class 'App\Models\SuratMasukModels' not found
in APPPATH\Controllers\SuratMasuk.php on line 13.
 1 SYSTEMPATH\CodeIgniter.php(866): App\Controllers\SuratMasuk->__construct()
 2 SYSTEMPATH\CodeIgniter.php(448): CodeIgniter\CodeIgniter->createController()
 3 SYSTEMPATH\CodeIgniter.php(340): CodeIgniter\CodeIgniter->handleRequest(null, Object(Config\Cache), false)
 4 FCPATH\index.php(67): CodeIgniter\CodeIgniter->run()
CRITICAL - 2022-09-06 20:28:17 --> Class 'App\Models\SuratMasukModels' not found
in APPPATH\Controllers\SuratMasuk.php on line 13.
 1 SYSTEMPATH\CodeIgniter.php(866): App\Controllers\SuratMasuk->__construct()
 2 SYSTEMPATH\CodeIgniter.php(448): CodeIgniter\CodeIgniter->createController()
 3 SYSTEMPATH\CodeIgniter.php(340): CodeIgniter\CodeIgniter->handleRequest(null, Object(Config\Cache), false)
 4 FCPATH\index.php(67): CodeIgniter\CodeIgniter->run()
CRITICAL - 2022-09-06 20:28:17 --> Class 'App\Models\SuratMasukModels' not found
in APPPATH\Controllers\SuratMasuk.php on line 13.
 1 SYSTEMPATH\CodeIgniter.php(866): App\Controllers\SuratMasuk->__construct()
 2 SYSTEMPATH\CodeIgniter.php(448): CodeIgniter\CodeIgniter->createController()
 3 SYSTEMPATH\CodeIgniter.php(340): CodeIgniter\CodeIgniter->handleRequest(null, Object(Config\Cache), false)
 4 FCPATH\index.php(67): CodeIgniter\CodeIgniter->run()
CRITICAL - 2022-09-06 20:28:17 --> Class 'App\Models\SuratMasukModels' not found
in APPPATH\Controllers\SuratMasuk.php on line 13.
 1 SYSTEMPATH\CodeIgniter.php(866): App\Controllers\SuratMasuk->__construct()
 2 SYSTEMPATH\CodeIgniter.php(448): CodeIgniter\CodeIgniter->createController()
 3 SYSTEMPATH\CodeIgniter.php(340): CodeIgniter\CodeIgniter->handleRequest(null, Object(Config\Cache), false)
 4 FCPATH\index.php(67): CodeIgniter\CodeIgniter->run()
CRITICAL - 2022-09-06 20:28:17 --> Class 'App\Models\SuratMasukModels' not found
in APPPATH\Controllers\SuratMasuk.php on line 13.
 1 SYSTEMPATH\CodeIgniter.php(866): App\Controllers\SuratMasuk->__construct()
 2 SYSTEMPATH\CodeIgniter.php(448): CodeIgniter\CodeIgniter->createController()
 3 SYSTEMPATH\CodeIgniter.php(340): CodeIgniter\CodeIgniter->handleRequest(null, Object(Config\Cache), false)
 4 FCPATH\index.php(67): CodeIgniter\CodeIgniter->run()
CRITICAL - 2022-09-06 20:28:18 --> Class 'App\Models\SuratMasukModels' not found
in APPPATH\Controllers\SuratMasuk.php on line 13.
 1 SYSTEMPATH\CodeIgniter.php(866): App\Controllers\SuratMasuk->__construct()
 2 SYSTEMPATH\CodeIgniter.php(448): CodeIgniter\CodeIgniter->createController()
 3 SYSTEMPATH\CodeIgniter.php(340): CodeIgniter\CodeIgniter->handleRequest(null, Object(Config\Cache), false)
 4 FCPATH\index.php(67): CodeIgniter\CodeIgniter->run()
CRITICAL - 2022-09-06 20:28:18 --> Class 'App\Models\SuratMasukModels' not found
in APPPATH\Controllers\SuratMasuk.php on line 13.
 1 SYSTEMPATH\CodeIgniter.php(866): App\Controllers\SuratMasuk->__construct()
 2 SYSTEMPATH\CodeIgniter.php(448): CodeIgniter\CodeIgniter->createController()
 3 SYSTEMPATH\CodeIgniter.php(340): CodeIgniter\CodeIgniter->handleRequest(null, Object(Config\Cache), false)
 4 FCPATH\index.php(67): CodeIgniter\CodeIgniter->run()
CRITICAL - 2022-09-06 20:29:09 --> Class 'App\Models\SuratMasukModels' not found
in APPPATH\Controllers\SuratMasuk.php on line 14.
 1 SYSTEMPATH\CodeIgniter.php(866): App\Controllers\SuratMasuk->__construct()
 2 SYSTEMPATH\CodeIgniter.php(448): CodeIgniter\CodeIgniter->createController()
 3 SYSTEMPATH\CodeIgniter.php(340): CodeIgniter\CodeIgniter->handleRequest(null, Object(Config\Cache), false)
 4 FCPATH\index.php(67): CodeIgniter\CodeIgniter->run()
CRITICAL - 2022-09-06 20:29:10 --> Class 'App\Models\SuratMasukModels' not found
in APPPATH\Controllers\SuratMasuk.php on line 14.
 1 SYSTEMPATH\CodeIgniter.php(866): App\Controllers\SuratMasuk->__construct()
 2 SYSTEMPATH\CodeIgniter.php(448): CodeIgniter\CodeIgniter->createController()
 3 SYSTEMPATH\CodeIgniter.php(340): CodeIgniter\CodeIgniter->handleRequest(null, Object(Config\Cache), false)
 4 FCPATH\index.php(67): CodeIgniter\CodeIgniter->run()
CRITICAL - 2022-09-06 20:29:10 --> Class 'App\Models\SuratMasukModels' not found
in APPPATH\Controllers\SuratMasuk.php on line 14.
 1 SYSTEMPATH\CodeIgniter.php(866): App\Controllers\SuratMasuk->__construct()
 2 SYSTEMPATH\CodeIgniter.php(448): CodeIgniter\CodeIgniter->createController()
 3 SYSTEMPATH\CodeIgniter.php(340): CodeIgniter\CodeIgniter->handleRequest(null, Object(Config\Cache), false)
 4 FCPATH\index.php(67): CodeIgniter\CodeIgniter->run()
CRITICAL - 2022-09-06 20:29:11 --> Class 'App\Models\SuratMasukModels' not found
in APPPATH\Controllers\SuratMasuk.php on line 14.
 1 SYSTEMPATH\CodeIgniter.php(866): App\Controllers\SuratMasuk->__construct()
 2 SYSTEMPATH\CodeIgniter.php(448): CodeIgniter\CodeIgniter->createController()
 3 SYSTEMPATH\CodeIgniter.php(340): CodeIgniter\CodeIgniter->handleRequest(null, Object(Config\Cache), false)
 4 FCPATH\index.php(67): CodeIgniter\CodeIgniter->run()
CRITICAL - 2022-09-06 20:29:30 --> Class 'App\Models\SuratMasukModels' not found
in APPPATH\Controllers\SuratMasuk.php on line 13.
 1 SYSTEMPATH\CodeIgniter.php(866): App\Controllers\SuratMasuk->__construct()
 2 SYSTEMPATH\CodeIgniter.php(448): CodeIgniter\CodeIgniter->createController()
 3 SYSTEMPATH\CodeIgniter.php(340): CodeIgniter\CodeIgniter->handleRequest(null, Object(Config\Cache), false)
 4 FCPATH\index.php(67): CodeIgniter\CodeIgniter->run()
CRITICAL - 2022-09-06 20:29:30 --> Class 'App\Models\SuratMasukModels' not found
in APPPATH\Controllers\SuratMasuk.php on line 13.
 1 SYSTEMPATH\CodeIgniter.php(866): App\Controllers\SuratMasuk->__construct()
 2 SYSTEMPATH\CodeIgniter.php(448): CodeIgniter\CodeIgniter->createController()
 3 SYSTEMPATH\CodeIgniter.php(340): CodeIgniter\CodeIgniter->handleRequest(null, Object(Config\Cache), false)
 4 FCPATH\index.php(67): CodeIgniter\CodeIgniter->run()
CRITICAL - 2022-09-06 20:29:30 --> Class 'App\Models\SuratMasukModels' not found
in APPPATH\Controllers\SuratMasuk.php on line 13.
 1 SYSTEMPATH\CodeIgniter.php(866): App\Controllers\SuratMasuk->__construct()
 2 SYSTEMPATH\CodeIgniter.php(448): CodeIgniter\CodeIgniter->createController()
 3 SYSTEMPATH\CodeIgniter.php(340): CodeIgniter\CodeIgniter->handleRequest(null, Object(Config\Cache), false)
 4 FCPATH\index.php(67): CodeIgniter\CodeIgniter->run()
CRITICAL - 2022-09-06 20:29:43 --> Class 'App\Models\SuratMasukModels' not found
in APPPATH\Controllers\SuratMasuk.php on line 13.
 1 SYSTEMPATH\CodeIgniter.php(866): App\Controllers\SuratMasuk->__construct()
 2 SYSTEMPATH\CodeIgniter.php(448): CodeIgniter\CodeIgniter->createController()
 3 SYSTEMPATH\CodeIgniter.php(340): CodeIgniter\CodeIgniter->handleRequest(null, Object(Config\Cache), false)
 4 FCPATH\index.php(67): CodeIgniter\CodeIgniter->run()
CRITICAL - 2022-09-06 20:29:44 --> Class 'App\Models\SuratMasukModels' not found
in APPPATH\Controllers\SuratMasuk.php on line 13.
 1 SYSTEMPATH\CodeIgniter.php(866): App\Controllers\SuratMasuk->__construct()
 2 SYSTEMPATH\CodeIgniter.php(448): CodeIgniter\CodeIgniter->createController()
 3 SYSTEMPATH\CodeIgniter.php(340): CodeIgniter\CodeIgniter->handleRequest(null, Object(Config\Cache), false)
 4 FCPATH\index.php(67): CodeIgniter\CodeIgniter->run()
ERROR - 2022-09-06 20:30:10 --> Error connecting to the database: mysqli_sql_exception: Access denied for user ''@'localhost' (using password: NO) in F:\XAMPP\htdocs\sisuar\system\Database\MySQLi\Connection.php:171
Stack trace:
#0 F:\XAMPP\htdocs\sisuar\system\Database\MySQLi\Connection.php(171): mysqli->real_connect('localhost', '', '', '', 3306, '', 0)
#1 F:\XAMPP\htdocs\sisuar\system\Database\BaseConnection.php(382): CodeIgniter\Database\MySQLi\Connection->connect(false)
#2 F:\XAMPP\htdocs\sisuar\system\Database\BaseConnection.php(588): CodeIgniter\Database\BaseConnection->initialize()
#3 F:\XAMPP\htdocs\sisuar\system\Database\BaseBuilder.php(1585): CodeIgniter\Database\BaseConnection->query('SELECT *\nFROM `...', Array, false)
#4 F:\XAMPP\htdocs\sisuar\system\Model.php(223): CodeIgniter\Database\BaseBuilder->get()
#5 F:\XAMPP\htdocs\sisuar\system\BaseModel.php(584): CodeIgniter\Model->doFindAll(0, 0)
#6 F:\XAMPP\htdocs\sisuar\app\Controllers\SuratMasuk.php(20): CodeIgniter\BaseModel->findAll()
#7 F:\XAMPP\htdocs\sisuar\system\CodeIgniter.php(904): App\Controllers\SuratMasuk->index()
#8 F:\XAMPP\htdocs\sisuar\system\CodeIgniter.php(457): CodeIgniter\CodeIgniter->runController(Object(App\Controllers\SuratMasuk))
#9 F:\XAMPP\htdocs\sisuar\system\CodeIgniter.php(340): CodeIgniter\CodeIgniter->handleRequest(NULL, Object(Config\Cache), false)
#10 F:\XAMPP\htdocs\sisuar\public\index.php(67): CodeIgniter\CodeIgniter->run()
#11 {main}

Next CodeIgniter\Database\Exceptions\DatabaseException: Access denied for user ''@'localhost' (using password: NO) in F:\XAMPP\htdocs\sisuar\system\Database\MySQLi\Connection.php:215
Stack trace:
#0 F:\XAMPP\htdocs\sisuar\system\Database\BaseConnection.php(382): CodeIgniter\Database\MySQLi\Connection->connect(false)
#1 F:\XAMPP\htdocs\sisuar\system\Database\BaseConnection.php(588): CodeIgniter\Database\BaseConnection->initialize()
#2 F:\XAMPP\htdocs\sisuar\system\Database\BaseBuilder.php(1585): CodeIgniter\Database\BaseConnection->query('SELECT *\nFROM `...', Array, false)
#3 F:\XAMPP\htdocs\sisuar\system\Model.php(223): CodeIgniter\Database\BaseBuilder->get()
#4 F:\XAMPP\htdocs\sisuar\system\BaseModel.php(584): CodeIgniter\Model->doFindAll(0, 0)
#5 F:\XAMPP\htdocs\sisuar\app\Controllers\SuratMasuk.php(20): CodeIgniter\BaseModel->findAll()
#6 F:\XAMPP\htdocs\sisuar\system\CodeIgniter.php(904): App\Controllers\SuratMasuk->index()
#7 F:\XAMPP\htdocs\sisuar\system\CodeIgniter.php(457): CodeIgniter\CodeIgniter->runController(Object(App\Controllers\SuratMasuk))
#8 F:\XAMPP\htdocs\sisuar\system\CodeIgniter.php(340): CodeIgniter\CodeIgniter->handleRequest(NULL, Object(Config\Cache), false)
#9 F:\XAMPP\htdocs\sisuar\public\index.php(67): CodeIgniter\CodeIgniter->run()
#10 {main}
CRITICAL - 2022-09-06 20:30:10 --> Unable to connect to the database.
Main connection [MySQLi]: Access denied for user ''@'localhost' (using password: NO)
in SYSTEMPATH\Database\BaseConnection.php on line 418.
 1 SYSTEMPATH\Database\BaseConnection.php(588): CodeIgniter\Database\BaseConnection->initialize()
 2 SYSTEMPATH\Database\BaseBuilder.php(1585): CodeIgniter\Database\BaseConnection->query('SELECT *
FROM `surat_masuk`', [], false)
 3 SYSTEMPATH\Model.php(223): CodeIgniter\Database\BaseBuilder->get()
 4 SYSTEMPATH\BaseModel.php(584): CodeIgniter\Model->doFindAll(0, 0)
 5 APPPATH\Controllers\SuratMasuk.php(20): CodeIgniter\BaseModel->findAll()
 6 SYSTEMPATH\CodeIgniter.php(904): App\Controllers\SuratMasuk->index()
 7 SYSTEMPATH\CodeIgniter.php(457): CodeIgniter\CodeIgniter->runController(Object(App\Controllers\SuratMasuk))
 8 SYSTEMPATH\CodeIgniter.php(340): CodeIgniter\CodeIgniter->handleRequest(null, Object(Config\Cache), false)
 9 FCPATH\index.php(67): CodeIgniter\CodeIgniter->run()
