CRITICAL - 2022-09-07 00:49:38 --> Undefined variable: jumlahSuratMasuk
in APPPATH\Views\layout\surat\template.php on line 107.
 1 APPPATH\Views\layout\surat\template.php(107): CodeIgniter\Debug\Exceptions->errorHandler(8, 'Undefined variable: jumlahSuratMasuk', 'APPPATH\\Views\\layout\\surat\\template.php', 107, [...])
 2 SYSTEMPATH\View\View.php(213): include('APPPATH\\Views\\layout\\surat\\template.php')
 3 SYSTEMPATH\View\View.php(216): CodeIgniter\View\View->CodeIgniter\View\{closure}()
 4 SYSTEMPATH\View\View.php(229): CodeIgniter\View\View->render('layout/surat/template', [], true)
 5 SYSTEMPATH\Common.php(1142): CodeIgniter\View\View->render('surat/surattugas/indexsurattugas.php', [], true)
 6 APPPATH\Controllers\SuratTugas.php(13): view('surat/surattugas/indexsurattugas.php', [...])
 7 SYSTEMPATH\CodeIgniter.php(904): App\Controllers\SuratTugas->index()
 8 SYSTEMPATH\CodeIgniter.php(457): CodeIgniter\CodeIgniter->runController(Object(App\Controllers\SuratTugas))
 9 SYSTEMPATH\CodeIgniter.php(340): CodeIgniter\CodeIgniter->handleRequest(null, Object(Config\Cache), false)
10 FCPATH\index.php(67): CodeIgniter\CodeIgniter->run()
CRITICAL - 2022-09-07 00:49:53 --> Undefined variable: jumlahSuratMasuk
in APPPATH\Views\layout\surat\template.php on line 107.
 1 APPPATH\Views\layout\surat\template.php(107): CodeIgniter\Debug\Exceptions->errorHandler(8, 'Undefined variable: jumlahSuratMasuk', 'APPPATH\\Views\\layout\\surat\\template.php', 107, [...])
 2 SYSTEMPATH\View\View.php(213): include('APPPATH\\Views\\layout\\surat\\template.php')
 3 SYSTEMPATH\View\View.php(216): CodeIgniter\View\View->CodeIgniter\View\{closure}()
 4 SYSTEMPATH\View\View.php(229): CodeIgniter\View\View->render('layout/surat/template', [], true)
 5 SYSTEMPATH\Common.php(1142): CodeIgniter\View\View->render('surat/surattugas/indexsurattugas.php', [], true)
 6 APPPATH\Controllers\SuratTugas.php(13): view('surat/surattugas/indexsurattugas.php', [...])
 7 SYSTEMPATH\CodeIgniter.php(904): App\Controllers\SuratTugas->index()
 8 SYSTEMPATH\CodeIgniter.php(457): CodeIgniter\CodeIgniter->runController(Object(App\Controllers\SuratTugas))
 9 SYSTEMPATH\CodeIgniter.php(340): CodeIgniter\CodeIgniter->handleRequest(null, Object(Config\Cache), false)
10 FCPATH\index.php(67): CodeIgniter\CodeIgniter->run()
CRITICAL - 2022-09-07 00:50:17 --> Undefined variable: jumlahSuratMasuk
in APPPATH\Views\layout\surat\template.php on line 107.
 1 APPPATH\Views\layout\surat\template.php(107): CodeIgniter\Debug\Exceptions->errorHandler(8, 'Undefined variable: jumlahSuratMasuk', 'APPPATH\\Views\\layout\\surat\\template.php', 107, [...])
 2 SYSTEMPATH\View\View.php(213): include('APPPATH\\Views\\layout\\surat\\template.php')
 3 SYSTEMPATH\View\View.php(216): CodeIgniter\View\View->CodeIgniter\View\{closure}()
 4 SYSTEMPATH\View\View.php(229): CodeIgniter\View\View->render('layout/surat/template', [], true)
 5 SYSTEMPATH\Common.php(1142): CodeIgniter\View\View->render('surat/surattugas/indexsurattugas.php', [], true)
 6 APPPATH\Controllers\SuratTugas.php(13): view('surat/surattugas/indexsurattugas.php', [...])
 7 SYSTEMPATH\CodeIgniter.php(904): App\Controllers\SuratTugas->index()
 8 SYSTEMPATH\CodeIgniter.php(457): CodeIgniter\CodeIgniter->runController(Object(App\Controllers\SuratTugas))
 9 SYSTEMPATH\CodeIgniter.php(340): CodeIgniter\CodeIgniter->handleRequest(null, Object(Config\Cache), false)
10 FCPATH\index.php(67): CodeIgniter\CodeIgniter->run()
CRITICAL - 2022-09-07 00:50:29 --> Undefined variable: jumlahSuratMasuk
in APPPATH\Views\layout\surat\template.php on line 107.
 1 APPPATH\Views\layout\surat\template.php(107): CodeIgniter\Debug\Exceptions->errorHandler(8, 'Undefined variable: jumlahSuratMasuk', 'APPPATH\\Views\\layout\\surat\\template.php', 107, [...])
 2 SYSTEMPATH\View\View.php(213): include('APPPATH\\Views\\layout\\surat\\template.php')
 3 SYSTEMPATH\View\View.php(216): CodeIgniter\View\View->CodeIgniter\View\{closure}()
 4 SYSTEMPATH\View\View.php(229): CodeIgniter\View\View->render('layout/surat/template', [], true)
 5 SYSTEMPATH\Common.php(1142): CodeIgniter\View\View->render('surat/suratkeluar/indexsuratkeluar.php', [], true)
 6 APPPATH\Controllers\SuratKeluar.php(22): view('surat/suratkeluar/indexsuratkeluar.php', [...])
 7 SYSTEMPATH\CodeIgniter.php(904): App\Controllers\SuratKeluar->index()
 8 SYSTEMPATH\CodeIgniter.php(457): CodeIgniter\CodeIgniter->runController(Object(App\Controllers\SuratKeluar))
 9 SYSTEMPATH\CodeIgniter.php(340): CodeIgniter\CodeIgniter->handleRequest(null, Object(Config\Cache), false)
10 FCPATH\index.php(67): CodeIgniter\CodeIgniter->run()
CRITICAL - 2022-09-07 00:50:42 --> Undefined variable: jumlahSuratMasuk
in APPPATH\Views\layout\surat\template.php on line 107.
 1 APPPATH\Views\layout\surat\template.php(107): CodeIgniter\Debug\Exceptions->errorHandler(8, 'Undefined variable: jumlahSuratMasuk', 'APPPATH\\Views\\layout\\surat\\template.php', 107, [...])
 2 SYSTEMPATH\View\View.php(213): include('APPPATH\\Views\\layout\\surat\\template.php')
 3 SYSTEMPATH\View\View.php(216): CodeIgniter\View\View->CodeIgniter\View\{closure}()
 4 SYSTEMPATH\View\View.php(229): CodeIgniter\View\View->render('layout/surat/template', [], true)
 5 SYSTEMPATH\Common.php(1142): CodeIgniter\View\View->render('surat/suratmasuk/indexsuratmasuk.php', [], true)
 6 APPPATH\Controllers\SuratMasuk.php(22): view('surat/suratmasuk/indexsuratmasuk.php', [...])
 7 SYSTEMPATH\CodeIgniter.php(904): App\Controllers\SuratMasuk->index()
 8 SYSTEMPATH\CodeIgniter.php(457): CodeIgniter\CodeIgniter->runController(Object(App\Controllers\SuratMasuk))
 9 SYSTEMPATH\CodeIgniter.php(340): CodeIgniter\CodeIgniter->handleRequest(null, Object(Config\Cache), false)
10 FCPATH\index.php(67): CodeIgniter\CodeIgniter->run()
CRITICAL - 2022-09-07 00:50:49 --> Undefined variable: jumlahSuratMasuk
in APPPATH\Views\layout\surat\template.php on line 107.
 1 APPPATH\Views\layout\surat\template.php(107): CodeIgniter\Debug\Exceptions->errorHandler(8, 'Undefined variable: jumlahSuratMasuk', 'APPPATH\\Views\\layout\\surat\\template.php', 107, [...])
 2 SYSTEMPATH\View\View.php(213): include('APPPATH\\Views\\layout\\surat\\template.php')
 3 SYSTEMPATH\View\View.php(216): CodeIgniter\View\View->CodeIgniter\View\{closure}()
 4 SYSTEMPATH\View\View.php(229): CodeIgniter\View\View->render('layout/surat/template', [], true)
 5 SYSTEMPATH\Common.php(1142): CodeIgniter\View\View->render('surat/surattugas/indexsurattugas.php', [], true)
 6 APPPATH\Controllers\SuratTugas.php(13): view('surat/surattugas/indexsurattugas.php', [...])
 7 SYSTEMPATH\CodeIgniter.php(904): App\Controllers\SuratTugas->index()
 8 SYSTEMPATH\CodeIgniter.php(457): CodeIgniter\CodeIgniter->runController(Object(App\Controllers\SuratTugas))
 9 SYSTEMPATH\CodeIgniter.php(340): CodeIgniter\CodeIgniter->handleRequest(null, Object(Config\Cache), false)
10 FCPATH\index.php(67): CodeIgniter\CodeIgniter->run()
CRITICAL - 2022-09-07 00:51:01 --> Undefined variable: jumlahSuratMasuk
in APPPATH\Views\layout\surat\template.php on line 107.
 1 APPPATH\Views\layout\surat\template.php(107): CodeIgniter\Debug\Exceptions->errorHandler(8, 'Undefined variable: jumlahSuratMasuk', 'APPPATH\\Views\\layout\\surat\\template.php', 107, [...])
 2 SYSTEMPATH\View\View.php(213): include('APPPATH\\Views\\layout\\surat\\template.php')
 3 SYSTEMPATH\View\View.php(216): CodeIgniter\View\View->CodeIgniter\View\{closure}()
 4 SYSTEMPATH\View\View.php(229): CodeIgniter\View\View->render('layout/surat/template', [], true)
 5 SYSTEMPATH\Common.php(1142): CodeIgniter\View\View->render('surat/suratkeluar/indexsuratkeluar.php', [], true)
 6 APPPATH\Controllers\SuratKeluar.php(22): view('surat/suratkeluar/indexsuratkeluar.php', [...])
 7 SYSTEMPATH\CodeIgniter.php(904): App\Controllers\SuratKeluar->index()
 8 SYSTEMPATH\CodeIgniter.php(457): CodeIgniter\CodeIgniter->runController(Object(App\Controllers\SuratKeluar))
 9 SYSTEMPATH\CodeIgniter.php(340): CodeIgniter\CodeIgniter->handleRequest(null, Object(Config\Cache), false)
10 FCPATH\index.php(67): CodeIgniter\CodeIgniter->run()
CRITICAL - 2022-09-07 00:51:16 --> Undefined variable: jumlahSuratMasuk
in APPPATH\Views\layout\surat\template.php on line 107.
 1 APPPATH\Views\layout\surat\template.php(107): CodeIgniter\Debug\Exceptions->errorHandler(8, 'Undefined variable: jumlahSuratMasuk', 'APPPATH\\Views\\layout\\surat\\template.php', 107, [...])
 2 SYSTEMPATH\View\View.php(213): include('APPPATH\\Views\\layout\\surat\\template.php')
 3 SYSTEMPATH\View\View.php(216): CodeIgniter\View\View->CodeIgniter\View\{closure}()
 4 SYSTEMPATH\View\View.php(229): CodeIgniter\View\View->render('layout/surat/template', [], true)
 5 SYSTEMPATH\Common.php(1142): CodeIgniter\View\View->render('surat/surattugas/indexsurattugas.php', [], true)
 6 APPPATH\Controllers\SuratTugas.php(13): view('surat/surattugas/indexsurattugas.php', [...])
 7 SYSTEMPATH\CodeIgniter.php(904): App\Controllers\SuratTugas->index()
 8 SYSTEMPATH\CodeIgniter.php(457): CodeIgniter\CodeIgniter->runController(Object(App\Controllers\SuratTugas))
 9 SYSTEMPATH\CodeIgniter.php(340): CodeIgniter\CodeIgniter->handleRequest(null, Object(Config\Cache), false)
10 FCPATH\index.php(67): CodeIgniter\CodeIgniter->run()
CRITICAL - 2022-09-07 00:51:37 --> Undefined variable: jumlahSuratMasuk
in APPPATH\Views\layout\surat\template.php on line 107.
 1 APPPATH\Views\layout\surat\template.php(107): CodeIgniter\Debug\Exceptions->errorHandler(8, 'Undefined variable: jumlahSuratMasuk', 'APPPATH\\Views\\layout\\surat\\template.php', 107, [...])
 2 SYSTEMPATH\View\View.php(213): include('APPPATH\\Views\\layout\\surat\\template.php')
 3 SYSTEMPATH\View\View.php(216): CodeIgniter\View\View->CodeIgniter\View\{closure}()
 4 SYSTEMPATH\View\View.php(229): CodeIgniter\View\View->render('layout/surat/template', [], true)
 5 SYSTEMPATH\Common.php(1142): CodeIgniter\View\View->render('surat/suratkeluar/indexsuratkeluar.php', [], true)
 6 APPPATH\Controllers\SuratKeluar.php(22): view('surat/suratkeluar/indexsuratkeluar.php', [...])
 7 SYSTEMPATH\CodeIgniter.php(904): App\Controllers\SuratKeluar->index()
 8 SYSTEMPATH\CodeIgniter.php(457): CodeIgniter\CodeIgniter->runController(Object(App\Controllers\SuratKeluar))
 9 SYSTEMPATH\CodeIgniter.php(340): CodeIgniter\CodeIgniter->handleRequest(null, Object(Config\Cache), false)
10 FCPATH\index.php(67): CodeIgniter\CodeIgniter->run()
CRITICAL - 2022-09-07 01:09:54 --> Undefined variable: jumlahSuratMasuk
in APPPATH\Views\layout\surat\template.php on line 107.
 1 APPPATH\Views\layout\surat\template.php(107): CodeIgniter\Debug\Exceptions->errorHandler(8, 'Undefined variable: jumlahSuratMasuk', 'APPPATH\\Views\\layout\\surat\\template.php', 107, [...])
 2 SYSTEMPATH\View\View.php(213): include('APPPATH\\Views\\layout\\surat\\template.php')
 3 SYSTEMPATH\View\View.php(216): CodeIgniter\View\View->CodeIgniter\View\{closure}()
 4 SYSTEMPATH\View\View.php(229): CodeIgniter\View\View->render('layout/surat/template', [], true)
 5 SYSTEMPATH\Common.php(1142): CodeIgniter\View\View->render('surat/surattugas/indexsurattugas.php', [], true)
 6 APPPATH\Controllers\SuratTugas.php(13): view('surat/surattugas/indexsurattugas.php', [...])
 7 SYSTEMPATH\CodeIgniter.php(904): App\Controllers\SuratTugas->index()
 8 SYSTEMPATH\CodeIgniter.php(457): CodeIgniter\CodeIgniter->runController(Object(App\Controllers\SuratTugas))
 9 SYSTEMPATH\CodeIgniter.php(340): CodeIgniter\CodeIgniter->handleRequest(null, Object(Config\Cache), false)
10 FCPATH\index.php(67): CodeIgniter\CodeIgniter->run()
CRITICAL - 2022-09-07 01:13:50 --> Undefined variable: jumlahSuratMasuk
in APPPATH\Views\layout\surat\template.php on line 107.
 1 APPPATH\Views\layout\surat\template.php(107): CodeIgniter\Debug\Exceptions->errorHandler(8, 'Undefined variable: jumlahSuratMasuk', 'APPPATH\\Views\\layout\\surat\\template.php', 107, [...])
 2 SYSTEMPATH\View\View.php(213): include('APPPATH\\Views\\layout\\surat\\template.php')
 3 SYSTEMPATH\View\View.php(216): CodeIgniter\View\View->CodeIgniter\View\{closure}()
 4 SYSTEMPATH\View\View.php(229): CodeIgniter\View\View->render('layout/surat/template', [], true)
 5 SYSTEMPATH\Common.php(1142): CodeIgniter\View\View->render('surat/surattugas/indexsurattugas.php', [], true)
 6 APPPATH\Controllers\SuratTugas.php(13): view('surat/surattugas/indexsurattugas.php', [...])
 7 SYSTEMPATH\CodeIgniter.php(904): App\Controllers\SuratTugas->index()
 8 SYSTEMPATH\CodeIgniter.php(457): CodeIgniter\CodeIgniter->runController(Object(App\Controllers\SuratTugas))
 9 SYSTEMPATH\CodeIgniter.php(340): CodeIgniter\CodeIgniter->handleRequest(null, Object(Config\Cache), false)
10 FCPATH\index.php(67): CodeIgniter\CodeIgniter->run()
